2024-11-18 17:45:38,381 - INFO - 开始同步消息...
2024-11-18 17:45:38,381 - INFO - 正在获取tenant_access_token...
2024-11-18 17:45:38,600 - INFO - 成功获取新token
2024-11-18 17:45:38,601 - INFO - 准备获取群组消息，参数：{'container_id_type': 'chat', 'container_id': 'oc_699ab2bcc30ff6c6404c50b3231bb4e0', 'page_size': 20}
2024-11-18 17:45:38,808 - ERROR - 获取消息失败: {'code': 230002, 'msg': 'Bot/User can NOT be out of the chat.', 'error': {'log_id': '20241118174538DFD8B410E67B0EF7A62E', 'troubleshooter': '排查建议查看(Troubleshooting suggestions): https://open.feishu.cn/search?from=openapi&log_id=20241118174538DFD8B410E67B0EF7A62E&code=230002&method_id=6936075528891187228'}}
2024-11-18 17:45:38,808 - ERROR - 获取消息失败，退出程序
2024-11-18 17:45:38,809 - INFO - 消息同步完成，共同步 0 条消息
2024-11-18 17:45:55,398 - INFO - 开始同步消息...
2024-11-18 17:45:55,398 - INFO - 正在获取tenant_access_token...
2024-11-18 17:45:55,548 - INFO - 成功获取新token
2024-11-18 17:45:55,548 - INFO - 准备获取群组消息，参数：{'container_id_type': 'chat', 'container_id': 'oc_699ab2bcc30ff6c6404c50b3231bb4e0', 'page_size': 20}
2024-11-18 17:45:55,749 - ERROR - 获取消息失败: {'code': 230002, 'msg': 'Bot/User can NOT be out of the chat.', 'error': {'log_id': '202411181745554B030A1BD9128075AEEF', 'troubleshooter': '排查建议查看(Troubleshooting suggestions): https://open.feishu.cn/search?from=openapi&log_id=202411181745554B030A1BD9128075AEEF&code=230002&method_id=6936075528891187228'}}
2024-11-18 17:45:55,750 - ERROR - 获取消息失败，退出程序
2024-11-18 17:45:55,750 - INFO - 消息同步完成，共同步 0 条消息
2024-11-18 17:46:19,055 - INFO - 处理后的消息: 陈kuokuo: 真的假的
2024-11-18 17:46:19,055 - INFO - 正在获取tenant_access_token...
2024-11-18 17:46:19,240 - INFO - 成功获取新token
2024-11-18 17:46:19,241 - INFO - 准备发送消息: 陈kuokuo: 真的假的...
2024-11-18 17:46:19,358 - ERROR - 发送消息失败: {'code': 99992402, 'msg': 'field validation failed', 'error': {'log_id': '20241118174619071F890B94F8938DD114', 'troubleshooter': '排查建议查看(Troubleshooting suggestions): https://open.feishu.cn/search?from=openapi&log_id=20241118174619071F890B94F8938DD114&code=99992402&method_id=6936075528891154460', 'field_violations': [{'field': 'receive_id_type', 'description': 'receive_id_type is required'}]}}
2024-11-18 17:46:19,359 - ERROR - 消息发送失败
2024-11-18 17:46:51,649 - INFO - 处理后的消息: 陈kuokuo: 真的假的
2024-11-18 17:46:51,650 - INFO - 正在获取tenant_access_token...
2024-11-18 17:46:51,862 - INFO - 成功获取新token
2024-11-18 17:46:51,862 - INFO - 准备发送消息: 陈kuokuo: 真的假的...
2024-11-18 17:46:52,055 - ERROR - 发送消息失败: {'code': 99992402, 'msg': 'field validation failed', 'error': {'log_id': '20241118174651F334A554237D8E6757B5', 'troubleshooter': '排查建议查看(Troubleshooting suggestions): https://open.feishu.cn/search?from=openapi&log_id=20241118174651F334A554237D8E6757B5&code=99992402&method_id=6936075528891154460', 'field_violations': [{'field': 'receive_id_type', 'description': 'receive_id_type is required'}]}}
2024-11-18 17:46:52,055 - ERROR - 消息发送失败
2024-11-18 17:47:24,556 - INFO - 处理后的消息: 陈kuokuo: 真的假的
2024-11-18 17:47:24,556 - INFO - 正在获取tenant_access_token...
2024-11-18 17:47:24,708 - INFO - 成功获取新token
2024-11-18 17:47:24,708 - INFO - 准备发送消息: 陈kuokuo: 真的假的...
2024-11-18 17:47:24,957 - ERROR - 发送消息失败: {'code': 230002, 'msg': 'Bot/User can NOT be out of the chat.', 'error': {'log_id': '20241118174724894798E6F1231780FC90', 'troubleshooter': '排查建议查看(Troubleshooting suggestions): https://open.feishu.cn/search?from=openapi&log_id=20241118174724894798E6F1231780FC90&code=230002&method_id=6936075528891154460'}}
2024-11-18 17:47:24,957 - ERROR - 消息发送失败
2024-11-18 17:49:41,777 - INFO - 请在浏览器中完成登录...
2024-11-18 17:51:33,061 - INFO - 请在浏览器中完成登录...
2024-11-18 17:52:39,132 - INFO - 登录成功
2024-11-18 17:52:54,162 - ERROR - 未找到群聊: 0xsun全员交流群
2024-11-18 17:52:54,162 - ERROR - 程序发生错误: 无法进入目标群聊
2024-11-18 17:53:49,503 - INFO - 请在浏览器中完成登录...
2024-11-18 17:57:11,771 - INFO - 请在浏览器中完成登录...
2024-11-18 17:57:42,254 - INFO - 登录成功
2024-11-18 17:57:47,333 - INFO - 找到并进入群聊: 0xsun全员交流群
2024-11-18 17:57:47,334 - INFO - 开始监听消息...
2024-11-18 17:57:47,375 - INFO - 新消息: MOONChris：你搜搜longevity这个词很多币圈牛逼大手子都买了
2024-11-18 17:57:47,393 - INFO - 新消息: MOONChris：配
2024-11-18 17:57:47,472 - INFO - 新消息: MOONChris：呸
2024-11-18 17:57:47,485 - INFO - 新消息: MOONChris：你搜搜longevity这个词很多币圈牛逼大手子都一直在说
2024-11-18 17:57:47,497 - INFO - 新消息: xu：这life咋5m了
2024-11-18 17:57:47,509 - INFO - 新消息: [回复][??]:
图片
回复:就是在这个地方cz和v神拿着那个药合影的
2024-11-18 17:57:47,521 - INFO - 新消息: Panx：cz有bn 90%股权
2024-11-18 17:57:47,535 - INFO - 新消息: Panx：[回复][陈kuokuo]:
图片
回复:？
2024-11-18 17:57:47,547 - INFO - 新消息: 陈kuokuo：真的假的
2024-11-18 17:57:47,559 - INFO - 新消息: MOONChris：随便搜一下都知道这群币圈的A10A11真大佬关心的都是什么
2024-11-18 17:57:47,571 - INFO - 新消息: 陈kuokuo：我买了
2024-11-18 17:57:56,369 - INFO - 新消息: .：ca
2024-11-18 17:57:58,547 - INFO - 新消息: Panx：[回复][陈kuokuo]:
真的假的
回复:昨天就有人锤了 不过没啥影响
2024-11-18 17:58:00,728 - INFO - 新消息: ：为永恒的生命买单
2024-11-18 17:58:14,014 - INFO - 新消息: 嵇睿麒：[回复][陈kuokuo]:
图片
回复:Pepe 也有内幕
2024-11-18 17:58:20,672 - INFO - 新消息: 嵇睿麒：让币安下架吧
2024-11-18 17:58:22,868 - INFO - 新消息: 陈kuokuo：只能说出完了
2024-11-18 17:58:29,660 - INFO - 新消息: 陈kuokuo：被买单接住了
2024-11-18 17:58:34,134 - INFO - 新消息: MOONChris：现在还在质疑desci赛道的话就应该赶紧多充值充值信仰了，这个共识就是很强大的，相信相信的力量
2024-11-18 17:58:34,146 - INFO - 新消息: 陈kuokuo：利好
2024-11-18 17:58:51,969 - INFO - 新消息: sunboy：Ban老鼠仓还少么
2024-11-18 17:59:03,104 - ERROR - 处理单条消息时出错: Message: stale element reference: stale element not found in the current frame
  (Session info: chrome=130.0.6723.117); For documentation on this error, please visit: https://www.selenium.dev/documentation/webdriver/troubleshooting/errors#stale-element-reference-exception
Stacktrace:
0   chromedriver                        0x00000001009515dc cxxbridge1$str$ptr + 3653648
1   chromedriver                        0x0000000100949e3c cxxbridge1$str$ptr + 3623024
2   chromedriver                        0x00000001003b4100 cxxbridge1$string$len + 88404
3   chromedriver                        0x00000001003b919c cxxbridge1$string$len + 109040
4   chromedriver                        0x00000001003ba8a0 cxxbridge1$string$len + 114932
5   chromedriver                        0x00000001003ba918 cxxbridge1$string$len + 115052
6   chromedriver                        0x00000001003f1728 cxxbridge1$string$len + 339836
7   chromedriver                        0x00000001003eca58 cxxbridge1$string$len + 320172
8   chromedriver                        0x000000010042fba8 cxxbridge1$string$len + 594940
9   chromedriver                        0x00000001003eb0fc cxxbridge1$string$len + 313680
10  chromedriver                        0x00000001003ebd4c cxxbridge1$string$len + 316832
11  chromedriver                        0x000000010091c64c cxxbridge1$str$ptr + 3436672
12  chromedriver                        0x000000010091f988 cxxbridge1$str$ptr + 3449788
13  chromedriver                        0x0000000100903a5c cxxbridge1$str$ptr + 3335312
14  chromedriver                        0x000000010092024c cxxbridge1$str$ptr + 3452032
15  chromedriver                        0x00000001008f4ce8 cxxbridge1$str$ptr + 3274524
16  chromedriver                        0x000000010093a9dc cxxbridge1$str$ptr + 3560464
17  chromedriver                        0x000000010093ab58 cxxbridge1$str$ptr + 3560844
18  chromedriver                        0x0000000100949ad4 cxxbridge1$str$ptr + 3622152
19  libsystem_pthread.dylib             0x000000019aa002e4 _pthread_start + 136
20  libsystem_pthread.dylib             0x000000019a9fb0fc thread_start + 8

2024-11-18 17:59:05,574 - INFO - 新消息: 还是那句话 带头搞社区 价格涨了啥都不是问题 价格跌了啥都是问题 推特氛围就这样
2024-11-18 17:59:07,832 - INFO - 新消息: Panx：pepe把扫链的bot拉黑了
2024-11-18 17:59:25,748 - INFO - 新消息: Panx：0
2024-11-18 17:59:25,766 - INFO - 新消息: 或者说币圈就这样 币价决定一切
2024-11-18 17:59:28,081 - INFO - 新消息: Minz：[回复][fomo fomo再fomo]:
现在还在质疑desci赛道的话就应该赶紧多充值充值信仰了，这个共识就是很强大的，相信相信的力量
回复:姐 你的文字比宇将军只强不弱了
2024-11-18 17:59:32,564 - INFO - 新消息: Panx：0xaa已经很努力了
2024-11-18 17:59:32,576 - INFO - 新消息: 迷雾：别人搞这么大阵势以为做慈善了 肯定要赚钱啊
2024-11-18 18:00:35,191 - INFO - 请在浏览器中完成登录...
2024-11-18 18:00:44,657 - ERROR - 登录失败: Message: no such window: target window already closed
from unknown error: web view not found
  (Session info: chrome=130.0.6723.117)
Stacktrace:
0   chromedriver                        0x00000001010d15dc cxxbridge1$str$ptr + 3653648
1   chromedriver                        0x00000001010c9e3c cxxbridge1$str$ptr + 3623024
2   chromedriver                        0x0000000100b34100 cxxbridge1$string$len + 88404
3   chromedriver                        0x0000000100b0fb78 core::str::slice_error_fail::h1cab30ac4b13c655 + 3792
4   chromedriver                        0x0000000100b9c664 cxxbridge1$string$len + 515768
5   chromedriver                        0x0000000100baf630 cxxbridge1$string$len + 593540
6   chromedriver                        0x0000000100b6b0fc cxxbridge1$string$len + 313680
7   chromedriver                        0x0000000100b6bd4c cxxbridge1$string$len + 316832
8   chromedriver                        0x000000010109c64c cxxbridge1$str$ptr + 3436672
9   chromedriver                        0x000000010109f988 cxxbridge1$str$ptr + 3449788
10  chromedriver                        0x0000000101083a5c cxxbridge1$str$ptr + 3335312
11  chromedriver                        0x00000001010a024c cxxbridge1$str$ptr + 3452032
12  chromedriver                        0x0000000101074ce8 cxxbridge1$str$ptr + 3274524
13  chromedriver                        0x00000001010ba9dc cxxbridge1$str$ptr + 3560464
14  chromedriver                        0x00000001010bab58 cxxbridge1$str$ptr + 3560844
15  chromedriver                        0x00000001010c9ad4 cxxbridge1$str$ptr + 3622152
16  libsystem_pthread.dylib             0x000000019aa002e4 _pthread_start + 136
17  libsystem_pthread.dylib             0x000000019a9fb0fc thread_start + 8

2024-11-18 18:00:44,659 - ERROR - 程序发生错误: 登录失败
2024-11-18 18:01:28,622 - INFO - 请在浏览器中完成登录...
2024-11-18 18:01:29,622 - ERROR - 登录失败: Message: no such window: target window already closed
from unknown error: web view not found
  (Session info: chrome=130.0.6723.117)
Stacktrace:
0   chromedriver                        0x0000000102fcd5dc cxxbridge1$str$ptr + 3653648
1   chromedriver                        0x0000000102fc5e3c cxxbridge1$str$ptr + 3623024
2   chromedriver                        0x0000000102a30100 cxxbridge1$string$len + 88404
3   chromedriver                        0x0000000102a0bb78 core::str::slice_error_fail::h1cab30ac4b13c655 + 3792
4   chromedriver                        0x0000000102a98664 cxxbridge1$string$len + 515768
5   chromedriver                        0x0000000102aab630 cxxbridge1$string$len + 593540
6   chromedriver                        0x0000000102a670fc cxxbridge1$string$len + 313680
7   chromedriver                        0x0000000102a67d4c cxxbridge1$string$len + 316832
8   chromedriver                        0x0000000102f9864c cxxbridge1$str$ptr + 3436672
9   chromedriver                        0x0000000102f9b988 cxxbridge1$str$ptr + 3449788
10  chromedriver                        0x0000000102f7fa5c cxxbridge1$str$ptr + 3335312
11  chromedriver                        0x0000000102f9c24c cxxbridge1$str$ptr + 3452032
12  chromedriver                        0x0000000102f70ce8 cxxbridge1$str$ptr + 3274524
13  chromedriver                        0x0000000102fb69dc cxxbridge1$str$ptr + 3560464
14  chromedriver                        0x0000000102fb6b58 cxxbridge1$str$ptr + 3560844
15  chromedriver                        0x0000000102fc5ad4 cxxbridge1$str$ptr + 3622152
16  libsystem_pthread.dylib             0x000000019aa002e4 _pthread_start + 136
17  libsystem_pthread.dylib             0x000000019a9fb0fc thread_start + 8

2024-11-18 18:01:29,623 - ERROR - 程序发生错误: 登录失败
2024-11-18 18:02:09,650 - INFO - 请在浏览器中完成登录...
2024-11-18 18:02:11,287 - ERROR - 登录失败: Message: disconnected: unable to send message to renderer
  (failed to check if window was closed: disconnected: not connected to DevTools)
  (Session info: chrome=130.0.6723.117)
Stacktrace:
0   chromedriver                        0x00000001055355dc cxxbridge1$str$ptr + 3653648
1   chromedriver                        0x000000010552de3c cxxbridge1$str$ptr + 3623024
2   chromedriver                        0x0000000104f98100 cxxbridge1$string$len + 88404
3   chromedriver                        0x0000000104f828e0 cxxbridge1$string$len + 308
4   chromedriver                        0x0000000104f81660 core::str::slice_error_fail::h1cab30ac4b13c655 + 59832
5   chromedriver                        0x0000000104f81f0c core::str::slice_error_fail::h1cab30ac4b13c655 + 62052
6   chromedriver                        0x0000000104f9b5c8 cxxbridge1$string$len + 101916
7   chromedriver                        0x0000000104f9bd9c cxxbridge1$string$len + 103920
8   chromedriver                        0x0000000104f9e8a0 cxxbridge1$string$len + 114932
9   chromedriver                        0x0000000104f9e918 cxxbridge1$string$len + 115052
10  chromedriver                        0x0000000104fda160 cxxbridge1$string$len + 358836
11  chromedriver                        0x0000000105013ba8 cxxbridge1$string$len + 594940
12  chromedriver                        0x0000000104fcf0fc cxxbridge1$string$len + 313680
13  chromedriver                        0x0000000104fcfd4c cxxbridge1$string$len + 316832
14  chromedriver                        0x000000010550064c cxxbridge1$str$ptr + 3436672
15  chromedriver                        0x0000000105503988 cxxbridge1$str$ptr + 3449788
16  chromedriver                        0x00000001054e7a5c cxxbridge1$str$ptr + 3335312
17  chromedriver                        0x000000010550424c cxxbridge1$str$ptr + 3452032
18  chromedriver                        0x00000001054d8ce8 cxxbridge1$str$ptr + 3274524
19  chromedriver                        0x000000010551e9dc cxxbridge1$str$ptr + 3560464
20  chromedriver                        0x000000010551eb58 cxxbridge1$str$ptr + 3560844
21  chromedriver                        0x000000010552dad4 cxxbridge1$str$ptr + 3622152
22  libsystem_pthread.dylib             0x000000019aa002e4 _pthread_start + 136
23  libsystem_pthread.dylib             0x000000019a9fb0fc thread_start + 8

2024-11-18 18:02:11,293 - ERROR - 程序发生错误: 登录失败
2024-11-18 18:04:05,322 - INFO - 请在浏览器中完成登录...
2024-11-18 18:04:32,718 - INFO - 登录成功
2024-11-18 18:04:37,789 - INFO - 找到并进入群聊: 0xsun全员交流群
2024-11-18 18:04:37,789 - INFO - 开始监听消息...
2024-11-18 18:04:37,804 - INFO - 新消息: Panx：pepe把扫链的bot拉黑了
2024-11-18 18:04:37,819 - INFO - 新消息: Panx：0
2024-11-18 18:04:37,831 - INFO - 新消息: 或者说币圈就这样 币价决定一切
2024-11-18 18:04:37,843 - INFO - 新消息: Minz：[回复][fomo fomo再fomo]:
现在还在质疑desci赛道的话就应该赶紧多充值充值信仰了，这个共识就是很强大的，相信相信的力量
回复:姐 你的文字比宇将军只强不弱了
2024-11-18 18:04:37,857 - INFO - 新消息: Panx：0xaa已经很努力了
2024-11-18 18:04:37,872 - INFO - 新消息: 迷雾：别人搞这么大阵势以为做慈善了 肯定要赚钱啊
2024-11-18 18:04:37,886 - INFO - 新消息: 迷雾：币价没跌就行
2024-11-18 18:04:37,898 - INFO - 新消息: MOONChris：[回复][Minz]:
姐 你的文字比宇将军只强不弱了
回复:我专业的哥
2024-11-18 18:04:37,910 - INFO - 新消息: Mu：币圈就是这样
2024-11-18 18:04:37,926 - INFO - 新消息: 陈kuoku?：cx头子啊你是
2024-11-18 18:04:37,956 - INFO - 新消息: Panx：宇将军 是万字文案
2024-11-18 18:04:37,986 - INFO - 新消息: Mu：每个人都做菩萨呗
2024-11-18 18:04:37,998 - INFO - 新消息: 嵇睿麒：姐你cx 专业吗
2024-11-18 18:04:38,010 - INFO - 新消息: Panx：eth链vista能上下现货吗
2024-11-18 18:04:38,022 - INFO - 新消息: 八月：BAN的龙二是啥
2024-11-18 18:04:38,035 - INFO - 新消息: 八月：好像没公认的龙二
2024-11-18 18:04:38,052 - INFO - 新消息: scott.betough：eye
2024-11-18 18:04:38,064 - INFO - 新消息: 杨：eye不算 完全不搭边吧
2024-11-18 18:04:38,077 - INFO - 新消息: 迷：龙二aika
2024-11-18 18:04:38,090 - INFO - 新消息: 迷：
[呲牙]
2024-11-18 18:04:38,102 - INFO - 新消息: 迷：艺术品
2024-11-18 18:04:38,115 - INFO - 新消息: 杨：艺术品 硬要说就是土豆吧
2024-11-18 18:04:45,011 - INFO - 新消息: sunboy：rif破200就在一步之遥
2024-11-18 18:04:47,265 - INFO - 新消息: 杨：不过都不行
2024-11-18 18:05:01,011 - ERROR - 处理单条消息时出错: Message: stale element reference: stale element not found in the current frame
  (Session info: chrome=130.0.6723.117); For documentation on this error, please visit: https://www.selenium.dev/documentation/webdriver/troubleshooting/errors#stale-element-reference-exception
Stacktrace:
0   chromedriver                        0x0000000102d7d5dc cxxbridge1$str$ptr + 3653648
1   chromedriver                        0x0000000102d75e3c cxxbridge1$str$ptr + 3623024
2   chromedriver                        0x00000001027e0100 cxxbridge1$string$len + 88404
3   chromedriver                        0x00000001027e519c cxxbridge1$string$len + 109040
4   chromedriver                        0x00000001027e68a0 cxxbridge1$string$len + 114932
5   chromedriver                        0x00000001027e6918 cxxbridge1$string$len + 115052
6   chromedriver                        0x000000010281d728 cxxbridge1$string$len + 339836
7   chromedriver                        0x0000000102818a58 cxxbridge1$string$len + 320172
8   chromedriver                        0x000000010285bba8 cxxbridge1$string$len + 594940
9   chromedriver                        0x00000001028170fc cxxbridge1$string$len + 313680
10  chromedriver                        0x0000000102817d4c cxxbridge1$string$len + 316832
11  chromedriver                        0x0000000102d4864c cxxbridge1$str$ptr + 3436672
12  chromedriver                        0x0000000102d4b988 cxxbridge1$str$ptr + 3449788
13  chromedriver                        0x0000000102d2fa5c cxxbridge1$str$ptr + 3335312
14  chromedriver                        0x0000000102d4c24c cxxbridge1$str$ptr + 3452032
15  chromedriver                        0x0000000102d20ce8 cxxbridge1$str$ptr + 3274524
16  chromedriver                        0x0000000102d669dc cxxbridge1$str$ptr + 3560464
17  chromedriver                        0x0000000102d66b58 cxxbridge1$str$ptr + 3560844
18  chromedriver                        0x0000000102d75ad4 cxxbridge1$str$ptr + 3622152
19  libsystem_pthread.dylib             0x000000019aa002e4 _pthread_start + 136
20  libsystem_pthread.dylib             0x000000019a9fb0fc thread_start + 8

2024-11-18 18:05:01,015 - ERROR - 处理单条消息时出错: Message: stale element reference: stale element not found in the current frame
  (Session info: chrome=130.0.6723.117); For documentation on this error, please visit: https://www.selenium.dev/documentation/webdriver/troubleshooting/errors#stale-element-reference-exception
Stacktrace:
0   chromedriver                        0x0000000102d7d5dc cxxbridge1$str$ptr + 3653648
1   chromedriver                        0x0000000102d75e3c cxxbridge1$str$ptr + 3623024
2   chromedriver                        0x00000001027e0100 cxxbridge1$string$len + 88404
3   chromedriver                        0x00000001027e519c cxxbridge1$string$len + 109040
4   chromedriver                        0x00000001027e68a0 cxxbridge1$string$len + 114932
5   chromedriver                        0x00000001027e6918 cxxbridge1$string$len + 115052
6   chromedriver                        0x000000010281d728 cxxbridge1$string$len + 339836
7   chromedriver                        0x0000000102818a58 cxxbridge1$string$len + 320172
8   chromedriver                        0x000000010285bba8 cxxbridge1$string$len + 594940
9   chromedriver                        0x00000001028170fc cxxbridge1$string$len + 313680
10  chromedriver                        0x0000000102817d4c cxxbridge1$string$len + 316832
11  chromedriver                        0x0000000102d4864c cxxbridge1$str$ptr + 3436672
12  chromedriver                        0x0000000102d4b988 cxxbridge1$str$ptr + 3449788
13  chromedriver                        0x0000000102d2fa5c cxxbridge1$str$ptr + 3335312
14  chromedriver                        0x0000000102d4c24c cxxbridge1$str$ptr + 3452032
15  chromedriver                        0x0000000102d20ce8 cxxbridge1$str$ptr + 3274524
16  chromedriver                        0x0000000102d669dc cxxbridge1$str$ptr + 3560464
17  chromedriver                        0x0000000102d66b58 cxxbridge1$str$ptr + 3560844
18  chromedriver                        0x0000000102d75ad4 cxxbridge1$str$ptr + 3622152
19  libsystem_pthread.dylib             0x000000019aa002e4 _pthread_start + 136
20  libsystem_pthread.dylib             0x000000019a9fb0fc thread_start + 8

2024-11-18 18:05:01,018 - ERROR - 处理单条消息时出错: Message: stale element reference: stale element not found in the current frame
  (Session info: chrome=130.0.6723.117); For documentation on this error, please visit: https://www.selenium.dev/documentation/webdriver/troubleshooting/errors#stale-element-reference-exception
Stacktrace:
0   chromedriver                        0x0000000102d7d5dc cxxbridge1$str$ptr + 3653648
1   chromedriver                        0x0000000102d75e3c cxxbridge1$str$ptr + 3623024
2   chromedriver                        0x00000001027e0100 cxxbridge1$string$len + 88404
3   chromedriver                        0x00000001027e519c cxxbridge1$string$len + 109040
4   chromedriver                        0x00000001027e68a0 cxxbridge1$string$len + 114932
5   chromedriver                        0x00000001027e6918 cxxbridge1$string$len + 115052
6   chromedriver                        0x000000010281d728 cxxbridge1$string$len + 339836
7   chromedriver                        0x0000000102818a58 cxxbridge1$string$len + 320172
8   chromedriver                        0x000000010285bba8 cxxbridge1$string$len + 594940
9   chromedriver                        0x00000001028170fc cxxbridge1$string$len + 313680
10  chromedriver                        0x0000000102817d4c cxxbridge1$string$len + 316832
11  chromedriver                        0x0000000102d4864c cxxbridge1$str$ptr + 3436672
12  chromedriver                        0x0000000102d4b988 cxxbridge1$str$ptr + 3449788
13  chromedriver                        0x0000000102d2fa5c cxxbridge1$str$ptr + 3335312
14  chromedriver                        0x0000000102d4c24c cxxbridge1$str$ptr + 3452032
15  chromedriver                        0x0000000102d20ce8 cxxbridge1$str$ptr + 3274524
16  chromedriver                        0x0000000102d669dc cxxbridge1$str$ptr + 3560464
17  chromedriver                        0x0000000102d66b58 cxxbridge1$str$ptr + 3560844
18  chromedriver                        0x0000000102d75ad4 cxxbridge1$str$ptr + 3622152
19  libsystem_pthread.dylib             0x000000019aa002e4 _pthread_start + 136
20  libsystem_pthread.dylib             0x000000019a9fb0fc thread_start + 8

2024-11-18 18:05:01,024 - ERROR - 处理单条消息时出错: Message: stale element reference: stale element not found in the current frame
  (Session info: chrome=130.0.6723.117); For documentation on this error, please visit: https://www.selenium.dev/documentation/webdriver/troubleshooting/errors#stale-element-reference-exception
Stacktrace:
0   chromedriver                        0x0000000102d7d5dc cxxbridge1$str$ptr + 3653648
1   chromedriver                        0x0000000102d75e3c cxxbridge1$str$ptr + 3623024
2   chromedriver                        0x00000001027e0100 cxxbridge1$string$len + 88404
3   chromedriver                        0x00000001027e519c cxxbridge1$string$len + 109040
4   chromedriver                        0x00000001027e68a0 cxxbridge1$string$len + 114932
5   chromedriver                        0x00000001027e6918 cxxbridge1$string$len + 115052
6   chromedriver                        0x000000010281d728 cxxbridge1$string$len + 339836
7   chromedriver                        0x0000000102818a58 cxxbridge1$string$len + 320172
8   chromedriver                        0x000000010285bba8 cxxbridge1$string$len + 594940
9   chromedriver                        0x00000001028170fc cxxbridge1$string$len + 313680
10  chromedriver                        0x0000000102817d4c cxxbridge1$string$len + 316832
11  chromedriver                        0x0000000102d4864c cxxbridge1$str$ptr + 3436672
12  chromedriver                        0x0000000102d4b988 cxxbridge1$str$ptr + 3449788
13  chromedriver                        0x0000000102d2fa5c cxxbridge1$str$ptr + 3335312
14  chromedriver                        0x0000000102d4c24c cxxbridge1$str$ptr + 3452032
15  chromedriver                        0x0000000102d20ce8 cxxbridge1$str$ptr + 3274524
16  chromedriver                        0x0000000102d669dc cxxbridge1$str$ptr + 3560464
17  chromedriver                        0x0000000102d66b58 cxxbridge1$str$ptr + 3560844
18  chromedriver                        0x0000000102d75ad4 cxxbridge1$str$ptr + 3622152
19  libsystem_pthread.dylib             0x000000019aa002e4 _pthread_start + 136
20  libsystem_pthread.dylib             0x000000019a9fb0fc thread_start + 8

2024-11-18 18:05:01,028 - ERROR - 处理单条消息时出错: Message: stale element reference: stale element not found in the current frame
  (Session info: chrome=130.0.6723.117); For documentation on this error, please visit: https://www.selenium.dev/documentation/webdriver/troubleshooting/errors#stale-element-reference-exception
Stacktrace:
0   chromedriver                        0x0000000102d7d5dc cxxbridge1$str$ptr + 3653648
1   chromedriver                        0x0000000102d75e3c cxxbridge1$str$ptr + 3623024
2   chromedriver                        0x00000001027e0100 cxxbridge1$string$len + 88404
3   chromedriver                        0x00000001027e519c cxxbridge1$string$len + 109040
4   chromedriver                        0x00000001027e68a0 cxxbridge1$string$len + 114932
5   chromedriver                        0x00000001027e6918 cxxbridge1$string$len + 115052
6   chromedriver                        0x000000010281d728 cxxbridge1$string$len + 339836
7   chromedriver                        0x0000000102818a58 cxxbridge1$string$len + 320172
8   chromedriver                        0x000000010285bba8 cxxbridge1$string$len + 594940
9   chromedriver                        0x00000001028170fc cxxbridge1$string$len + 313680
10  chromedriver                        0x0000000102817d4c cxxbridge1$string$len + 316832
11  chromedriver                        0x0000000102d4864c cxxbridge1$str$ptr + 3436672
12  chromedriver                        0x0000000102d4b988 cxxbridge1$str$ptr + 3449788
13  chromedriver                        0x0000000102d2fa5c cxxbridge1$str$ptr + 3335312
14  chromedriver                        0x0000000102d4c24c cxxbridge1$str$ptr + 3452032
15  chromedriver                        0x0000000102d20ce8 cxxbridge1$str$ptr + 3274524
16  chromedriver                        0x0000000102d669dc cxxbridge1$str$ptr + 3560464
17  chromedriver                        0x0000000102d66b58 cxxbridge1$str$ptr + 3560844
18  chromedriver                        0x0000000102d75ad4 cxxbridge1$str$ptr + 3622152
19  libsystem_pthread.dylib             0x000000019aa002e4 _pthread_start + 136
20  libsystem_pthread.dylib             0x000000019a9fb0fc thread_start + 8

2024-11-18 18:05:01,033 - ERROR - 处理单条消息时出错: Message: stale element reference: stale element not found in the current frame
  (Session info: chrome=130.0.6723.117); For documentation on this error, please visit: https://www.selenium.dev/documentation/webdriver/troubleshooting/errors#stale-element-reference-exception
Stacktrace:
0   chromedriver                        0x0000000102d7d5dc cxxbridge1$str$ptr + 3653648
1   chromedriver                        0x0000000102d75e3c cxxbridge1$str$ptr + 3623024
2   chromedriver                        0x00000001027e0100 cxxbridge1$string$len + 88404
3   chromedriver                        0x00000001027e519c cxxbridge1$string$len + 109040
4   chromedriver                        0x00000001027e68a0 cxxbridge1$string$len + 114932
5   chromedriver                        0x00000001027e6918 cxxbridge1$string$len + 115052
6   chromedriver                        0x000000010281d728 cxxbridge1$string$len + 339836
7   chromedriver                        0x0000000102818a58 cxxbridge1$string$len + 320172
8   chromedriver                        0x000000010285bba8 cxxbridge1$string$len + 594940
9   chromedriver                        0x00000001028170fc cxxbridge1$string$len + 313680
10  chromedriver                        0x0000000102817d4c cxxbridge1$string$len + 316832
11  chromedriver                        0x0000000102d4864c cxxbridge1$str$ptr + 3436672
12  chromedriver                        0x0000000102d4b988 cxxbridge1$str$ptr + 3449788
13  chromedriver                        0x0000000102d2fa5c cxxbridge1$str$ptr + 3335312
14  chromedriver                        0x0000000102d4c24c cxxbridge1$str$ptr + 3452032
15  chromedriver                        0x0000000102d20ce8 cxxbridge1$str$ptr + 3274524
16  chromedriver                        0x0000000102d669dc cxxbridge1$str$ptr + 3560464
17  chromedriver                        0x0000000102d66b58 cxxbridge1$str$ptr + 3560844
18  chromedriver                        0x0000000102d75ad4 cxxbridge1$str$ptr + 3622152
19  libsystem_pthread.dylib             0x000000019aa002e4 _pthread_start + 136
20  libsystem_pthread.dylib             0x000000019a9fb0fc thread_start + 8

2024-11-18 18:05:01,038 - ERROR - 处理单条消息时出错: Message: stale element reference: stale element not found in the current frame
  (Session info: chrome=130.0.6723.117); For documentation on this error, please visit: https://www.selenium.dev/documentation/webdriver/troubleshooting/errors#stale-element-reference-exception
Stacktrace:
0   chromedriver                        0x0000000102d7d5dc cxxbridge1$str$ptr + 3653648
1   chromedriver                        0x0000000102d75e3c cxxbridge1$str$ptr + 3623024
2   chromedriver                        0x00000001027e0100 cxxbridge1$string$len + 88404
3   chromedriver                        0x00000001027e519c cxxbridge1$string$len + 109040
4   chromedriver                        0x00000001027e68a0 cxxbridge1$string$len + 114932
5   chromedriver                        0x00000001027e6918 cxxbridge1$string$len + 115052
6   chromedriver                        0x000000010281d728 cxxbridge1$string$len + 339836
7   chromedriver                        0x0000000102818a58 cxxbridge1$string$len + 320172
8   chromedriver                        0x000000010285bba8 cxxbridge1$string$len + 594940
9   chromedriver                        0x00000001028170fc cxxbridge1$string$len + 313680
10  chromedriver                        0x0000000102817d4c cxxbridge1$string$len + 316832
11  chromedriver                        0x0000000102d4864c cxxbridge1$str$ptr + 3436672
12  chromedriver                        0x0000000102d4b988 cxxbridge1$str$ptr + 3449788
13  chromedriver                        0x0000000102d2fa5c cxxbridge1$str$ptr + 3335312
14  chromedriver                        0x0000000102d4c24c cxxbridge1$str$ptr + 3452032
15  chromedriver                        0x0000000102d20ce8 cxxbridge1$str$ptr + 3274524
16  chromedriver                        0x0000000102d669dc cxxbridge1$str$ptr + 3560464
17  chromedriver                        0x0000000102d66b58 cxxbridge1$str$ptr + 3560844
18  chromedriver                        0x0000000102d75ad4 cxxbridge1$str$ptr + 3622152
19  libsystem_pthread.dylib             0x000000019aa002e4 _pthread_start + 136
20  libsystem_pthread.dylib             0x000000019a9fb0fc thread_start + 8

2024-11-18 18:05:01,042 - ERROR - 处理单条消息时出错: Message: stale element reference: stale element not found in the current frame
  (Session info: chrome=130.0.6723.117); For documentation on this error, please visit: https://www.selenium.dev/documentation/webdriver/troubleshooting/errors#stale-element-reference-exception
Stacktrace:
0   chromedriver                        0x0000000102d7d5dc cxxbridge1$str$ptr + 3653648
1   chromedriver                        0x0000000102d75e3c cxxbridge1$str$ptr + 3623024
2   chromedriver                        0x00000001027e0100 cxxbridge1$string$len + 88404
3   chromedriver                        0x00000001027e519c cxxbridge1$string$len + 109040
4   chromedriver                        0x00000001027e68a0 cxxbridge1$string$len + 114932
5   chromedriver                        0x00000001027e6918 cxxbridge1$string$len + 115052
6   chromedriver                        0x000000010281d728 cxxbridge1$string$len + 339836
7   chromedriver                        0x0000000102818a58 cxxbridge1$string$len + 320172
8   chromedriver                        0x000000010285bba8 cxxbridge1$string$len + 594940
9   chromedriver                        0x00000001028170fc cxxbridge1$string$len + 313680
10  chromedriver                        0x0000000102817d4c cxxbridge1$string$len + 316832
11  chromedriver                        0x0000000102d4864c cxxbridge1$str$ptr + 3436672
12  chromedriver                        0x0000000102d4b988 cxxbridge1$str$ptr + 3449788
13  chromedriver                        0x0000000102d2fa5c cxxbridge1$str$ptr + 3335312
14  chromedriver                        0x0000000102d4c24c cxxbridge1$str$ptr + 3452032
15  chromedriver                        0x0000000102d20ce8 cxxbridge1$str$ptr + 3274524
16  chromedriver                        0x0000000102d669dc cxxbridge1$str$ptr + 3560464
17  chromedriver                        0x0000000102d66b58 cxxbridge1$str$ptr + 3560844
18  chromedriver                        0x0000000102d75ad4 cxxbridge1$str$ptr + 3622152
19  libsystem_pthread.dylib             0x000000019aa002e4 _pthread_start + 136
20  libsystem_pthread.dylib             0x000000019a9fb0fc thread_start + 8

2024-11-18 18:05:01,047 - ERROR - 处理单条消息时出错: Message: stale element reference: stale element not found in the current frame
  (Session info: chrome=130.0.6723.117); For documentation on this error, please visit: https://www.selenium.dev/documentation/webdriver/troubleshooting/errors#stale-element-reference-exception
Stacktrace:
0   chromedriver                        0x0000000102d7d5dc cxxbridge1$str$ptr + 3653648
1   chromedriver                        0x0000000102d75e3c cxxbridge1$str$ptr + 3623024
2   chromedriver                        0x00000001027e0100 cxxbridge1$string$len + 88404
3   chromedriver                        0x00000001027e519c cxxbridge1$string$len + 109040
4   chromedriver                        0x00000001027e68a0 cxxbridge1$string$len + 114932
5   chromedriver                        0x00000001027e6918 cxxbridge1$string$len + 115052
6   chromedriver                        0x000000010281d728 cxxbridge1$string$len + 339836
7   chromedriver                        0x0000000102818a58 cxxbridge1$string$len + 320172
8   chromedriver                        0x000000010285bba8 cxxbridge1$string$len + 594940
9   chromedriver                        0x00000001028170fc cxxbridge1$string$len + 313680
10  chromedriver                        0x0000000102817d4c cxxbridge1$string$len + 316832
11  chromedriver                        0x0000000102d4864c cxxbridge1$str$ptr + 3436672
12  chromedriver                        0x0000000102d4b988 cxxbridge1$str$ptr + 3449788
13  chromedriver                        0x0000000102d2fa5c cxxbridge1$str$ptr + 3335312
14  chromedriver                        0x0000000102d4c24c cxxbridge1$str$ptr + 3452032
15  chromedriver                        0x0000000102d20ce8 cxxbridge1$str$ptr + 3274524
16  chromedriver                        0x0000000102d669dc cxxbridge1$str$ptr + 3560464
17  chromedriver                        0x0000000102d66b58 cxxbridge1$str$ptr + 3560844
18  chromedriver                        0x0000000102d75ad4 cxxbridge1$str$ptr + 3622152
19  libsystem_pthread.dylib             0x000000019aa002e4 _pthread_start + 136
20  libsystem_pthread.dylib             0x000000019a9fb0fc thread_start + 8

2024-11-18 18:05:01,052 - ERROR - 处理单条消息时出错: Message: stale element reference: stale element not found in the current frame
  (Session info: chrome=130.0.6723.117); For documentation on this error, please visit: https://www.selenium.dev/documentation/webdriver/troubleshooting/errors#stale-element-reference-exception
Stacktrace:
0   chromedriver                        0x0000000102d7d5dc cxxbridge1$str$ptr + 3653648
1   chromedriver                        0x0000000102d75e3c cxxbridge1$str$ptr + 3623024
2   chromedriver                        0x00000001027e0100 cxxbridge1$string$len + 88404
3   chromedriver                        0x00000001027e519c cxxbridge1$string$len + 109040
4   chromedriver                        0x00000001027e68a0 cxxbridge1$string$len + 114932
5   chromedriver                        0x00000001027e6918 cxxbridge1$string$len + 115052
6   chromedriver                        0x000000010281d728 cxxbridge1$string$len + 339836
7   chromedriver                        0x0000000102818a58 cxxbridge1$string$len + 320172
8   chromedriver                        0x000000010285bba8 cxxbridge1$string$len + 594940
9   chromedriver                        0x00000001028170fc cxxbridge1$string$len + 313680
10  chromedriver                        0x0000000102817d4c cxxbridge1$string$len + 316832
11  chromedriver                        0x0000000102d4864c cxxbridge1$str$ptr + 3436672
12  chromedriver                        0x0000000102d4b988 cxxbridge1$str$ptr + 3449788
13  chromedriver                        0x0000000102d2fa5c cxxbridge1$str$ptr + 3335312
14  chromedriver                        0x0000000102d4c24c cxxbridge1$str$ptr + 3452032
15  chromedriver                        0x0000000102d20ce8 cxxbridge1$str$ptr + 3274524
16  chromedriver                        0x0000000102d669dc cxxbridge1$str$ptr + 3560464
17  chromedriver                        0x0000000102d66b58 cxxbridge1$str$ptr + 3560844
18  chromedriver                        0x0000000102d75ad4 cxxbridge1$str$ptr + 3622152
19  libsystem_pthread.dylib             0x000000019aa002e4 _pthread_start + 136
20  libsystem_pthread.dylib             0x000000019a9fb0fc thread_start + 8

2024-11-18 18:05:01,060 - ERROR - 处理单条消息时出错: Message: stale element reference: stale element not found in the current frame
  (Session info: chrome=130.0.6723.117); For documentation on this error, please visit: https://www.selenium.dev/documentation/webdriver/troubleshooting/errors#stale-element-reference-exception
Stacktrace:
0   chromedriver                        0x0000000102d7d5dc cxxbridge1$str$ptr + 3653648
1   chromedriver                        0x0000000102d75e3c cxxbridge1$str$ptr + 3623024
2   chromedriver                        0x00000001027e0100 cxxbridge1$string$len + 88404
3   chromedriver                        0x00000001027e519c cxxbridge1$string$len + 109040
4   chromedriver                        0x00000001027e68a0 cxxbridge1$string$len + 114932
5   chromedriver                        0x00000001027e6918 cxxbridge1$string$len + 115052
6   chromedriver                        0x000000010281d728 cxxbridge1$string$len + 339836
7   chromedriver                        0x0000000102818a58 cxxbridge1$string$len + 320172
8   chromedriver                        0x000000010285bba8 cxxbridge1$string$len + 594940
9   chromedriver                        0x00000001028170fc cxxbridge1$string$len + 313680
10  chromedriver                        0x0000000102817d4c cxxbridge1$string$len + 316832
11  chromedriver                        0x0000000102d4864c cxxbridge1$str$ptr + 3436672
12  chromedriver                        0x0000000102d4b988 cxxbridge1$str$ptr + 3449788
13  chromedriver                        0x0000000102d2fa5c cxxbridge1$str$ptr + 3335312
14  chromedriver                        0x0000000102d4c24c cxxbridge1$str$ptr + 3452032
15  chromedriver                        0x0000000102d20ce8 cxxbridge1$str$ptr + 3274524
16  chromedriver                        0x0000000102d669dc cxxbridge1$str$ptr + 3560464
17  chromedriver                        0x0000000102d66b58 cxxbridge1$str$ptr + 3560844
18  chromedriver                        0x0000000102d75ad4 cxxbridge1$str$ptr + 3622152
19  libsystem_pthread.dylib             0x000000019aa002e4 _pthread_start + 136
20  libsystem_pthread.dylib             0x000000019a9fb0fc thread_start + 8

2024-11-18 18:05:01,067 - ERROR - 处理单条消息时出错: Message: stale element reference: stale element not found in the current frame
  (Session info: chrome=130.0.6723.117); For documentation on this error, please visit: https://www.selenium.dev/documentation/webdriver/troubleshooting/errors#stale-element-reference-exception
Stacktrace:
0   chromedriver                        0x0000000102d7d5dc cxxbridge1$str$ptr + 3653648
1   chromedriver                        0x0000000102d75e3c cxxbridge1$str$ptr + 3623024
2   chromedriver                        0x00000001027e0100 cxxbridge1$string$len + 88404
3   chromedriver                        0x00000001027e519c cxxbridge1$string$len + 109040
4   chromedriver                        0x00000001027e68a0 cxxbridge1$string$len + 114932
5   chromedriver                        0x00000001027e6918 cxxbridge1$string$len + 115052
6   chromedriver                        0x000000010281d728 cxxbridge1$string$len + 339836
7   chromedriver                        0x0000000102818a58 cxxbridge1$string$len + 320172
8   chromedriver                        0x000000010285bba8 cxxbridge1$string$len + 594940
9   chromedriver                        0x00000001028170fc cxxbridge1$string$len + 313680
10  chromedriver                        0x0000000102817d4c cxxbridge1$string$len + 316832
11  chromedriver                        0x0000000102d4864c cxxbridge1$str$ptr + 3436672
12  chromedriver                        0x0000000102d4b988 cxxbridge1$str$ptr + 3449788
13  chromedriver                        0x0000000102d2fa5c cxxbridge1$str$ptr + 3335312
14  chromedriver                        0x0000000102d4c24c cxxbridge1$str$ptr + 3452032
15  chromedriver                        0x0000000102d20ce8 cxxbridge1$str$ptr + 3274524
16  chromedriver                        0x0000000102d669dc cxxbridge1$str$ptr + 3560464
17  chromedriver                        0x0000000102d66b58 cxxbridge1$str$ptr + 3560844
18  chromedriver                        0x0000000102d75ad4 cxxbridge1$str$ptr + 3622152
19  libsystem_pthread.dylib             0x000000019aa002e4 _pthread_start + 136
20  libsystem_pthread.dylib             0x000000019a9fb0fc thread_start + 8

2024-11-18 18:05:03,092 - INFO - 新消息: 222
2024-11-18 18:05:03,114 - INFO - 新消息: 111
2024-11-18 18:05:03,130 - INFO - 新消息: 555
2024-11-18 18:05:09,438 - INFO - 新消息: .：虞姬算艺术品吗
2024-11-18 18:05:18,284 - INFO - 新消息: Veyron：我觉得punk3494 挺像艺术品的
2024-11-18 18:05:20,518 - INFO - 新消息: 八月：虞姬是邪教吧
2024-11-18 18:05:29,611 - INFO - 新消息: Veyron：nft不就是艺术品吗
2024-11-18 18:05:34,677 - INFO - 程序被用户中断
2024-11-18 18:05:34,680 - WARNING - Retrying (Retry(total=2, connect=None, read=None, redirect=None, status=None)) after connection broken by 'ConnectionResetError(54, 'Connection reset by peer')': /session/95e3db0c87a27a7aed64ab8ef098e146
2024-11-18 18:05:34,683 - WARNING - Retrying (Retry(total=1, connect=None, read=None, redirect=None, status=None)) after connection broken by 'NewConnectionError('<urllib3.connection.HTTPConnection object at 0x101c9da90>: Failed to establish a new connection: [Errno 61] Connection refused')': /session/95e3db0c87a27a7aed64ab8ef098e146
2024-11-18 18:05:34,684 - WARNING - Retrying (Retry(total=0, connect=None, read=None, redirect=None, status=None)) after connection broken by 'NewConnectionError('<urllib3.connection.HTTPConnection object at 0x101c9d6d0>: Failed to establish a new connection: [Errno 61] Connection refused')': /session/95e3db0c87a27a7aed64ab8ef098e146
2024-11-18 18:07:19,759 - INFO - 请在浏览器中完成登录...
2024-11-18 18:07:48,738 - INFO - 登录成功
2024-11-18 18:07:53,741 - INFO - 开始监听消息...
2024-11-18 18:07:54,824 - INFO - 新消息: 最近真的每个龙头必洗盘给机会
2024-11-18 18:07:54,840 - INFO - 新消息: Z  h??：那个aigod 也是艺术品吧
2024-11-18 18:07:54,855 - INFO - 新消息: 以后：我非常确信 $BTW 是下一个币安现货上市[@emoji=\u2014][@emoji=\u2014]如果他们上次认真列出 Neiro 社区代币（而不是阴谋集团代币）的话。

他们列出了阴谋集团 Neiro 期货，一周后，他们列出了社区 Neiro 现货。

今天，他们在期货上列出了阴谋集团胶带香蕉代币（$BAN）。我想知道他们什么时候会现场列出实际的社区代币 $BTW。
2024-11-18 18:07:54,909 - INFO - 新消息: 以后：哈哈
2024-11-18 18:07:54,941 - INFO - 新消息: Z  h??：不是说那个才是第一个ai的艺术品嘛
2024-11-18 18:07:54,954 - INFO - 新消息: 八月：LIFE辟谣了
2024-11-18 18:07:54,967 - INFO - 新消息: Panx：[回复][以后]:
我非常确信 $BTW 是下一个币安现货上市——如果他们上次认真列出 Neiro 社区代币（而不是阴谋集团代币）的话。

他们列出了阴谋集团 Neiro 期货，一周后，他们列出了社区 Neiro 现货。

今天，他们在期货上列出了阴谋集团胶带香蕉代币（$BAN）。我想知道他们什么时候会现场列出实际的社区代币 $BTW。
回复:笑死 有人带头造反了？我去买点
2024-11-18 18:07:54,979 - INFO - 新消息: Panx：btw是真香蕉og
2024-11-18 18:07:54,993 - INFO - 新消息: 以后：不知名小v 发的
2024-11-18 18:07:55,007 - INFO - 新消息: Mu：会不会上演
2024-11-18 18:07:55,020 - INFO - 新消息: Mu：ban期货
btw现货

neiro剧本
2024-11-18 18:07:55,032 - INFO - 新消息: c：billy什么时候上啊
2024-11-18 18:07:55,044 - INFO - 新消息: c：我等累了
2024-11-18 18:07:55,056 - INFO - 新消息: Nsv1：btw少一个V神
2024-11-18 18:08:05,140 - ERROR - 未找到群聊 yzy: Message: 
Stacktrace:
0   chromedriver                        0x0000000104f795dc cxxbridge1$str$ptr + 3653648
1   chromedriver                        0x0000000104f71e3c cxxbridge1$str$ptr + 3623024
2   chromedriver                        0x00000001049dc100 cxxbridge1$string$len + 88404
3   chromedriver                        0x0000000104a1e41c cxxbridge1$string$len + 359536
4   chromedriver                        0x0000000104a57ba8 cxxbridge1$string$len + 594940
5   chromedriver                        0x0000000104a130fc cxxbridge1$string$len + 313680
6   chromedriver                        0x0000000104a13d4c cxxbridge1$string$len + 316832
7   chromedriver                        0x0000000104f4464c cxxbridge1$str$ptr + 3436672
8   chromedriver                        0x0000000104f47988 cxxbridge1$str$ptr + 3449788
9   chromedriver                        0x0000000104f2ba5c cxxbridge1$str$ptr + 3335312
10  chromedriver                        0x0000000104f4824c cxxbridge1$str$ptr + 3452032
11  chromedriver                        0x0000000104f1cce8 cxxbridge1$str$ptr + 3274524
12  chromedriver                        0x0000000104f629dc cxxbridge1$str$ptr + 3560464
13  chromedriver                        0x0000000104f62b58 cxxbridge1$str$ptr + 3560844
14  chromedriver                        0x0000000104f71ad4 cxxbridge1$str$ptr + 3622152
15  libsystem_pthread.dylib             0x000000019aa002e4 _pthread_start + 136
16  libsystem_pthread.dylib             0x000000019a9fb0fc thread_start + 8

2024-11-18 18:08:05,141 - ERROR - 未找到目标群聊: yzy
2024-11-18 18:08:07,306 - ERROR - 程序发生错误: Message: stale element reference: stale element not found in the current frame
  (Session info: chrome=130.0.6723.117); For documentation on this error, please visit: https://www.selenium.dev/documentation/webdriver/troubleshooting/errors#stale-element-reference-exception
Stacktrace:
0   chromedriver                        0x0000000104f795dc cxxbridge1$str$ptr + 3653648
1   chromedriver                        0x0000000104f71e3c cxxbridge1$str$ptr + 3623024
2   chromedriver                        0x00000001049dc100 cxxbridge1$string$len + 88404
3   chromedriver                        0x00000001049e119c cxxbridge1$string$len + 109040
4   chromedriver                        0x00000001049e28a0 cxxbridge1$string$len + 114932
5   chromedriver                        0x00000001049e2918 cxxbridge1$string$len + 115052
6   chromedriver                        0x0000000104a19728 cxxbridge1$string$len + 339836
7   chromedriver                        0x0000000104a14a58 cxxbridge1$string$len + 320172
8   chromedriver                        0x0000000104a57ba8 cxxbridge1$string$len + 594940
9   chromedriver                        0x0000000104a130fc cxxbridge1$string$len + 313680
10  chromedriver                        0x0000000104a13d4c cxxbridge1$string$len + 316832
11  chromedriver                        0x0000000104f4464c cxxbridge1$str$ptr + 3436672
12  chromedriver                        0x0000000104f47988 cxxbridge1$str$ptr + 3449788
13  chromedriver                        0x0000000104f2ba5c cxxbridge1$str$ptr + 3335312
14  chromedriver                        0x0000000104f4824c cxxbridge1$str$ptr + 3452032
15  chromedriver                        0x0000000104f1cce8 cxxbridge1$str$ptr + 3274524
16  chromedriver                        0x0000000104f629dc cxxbridge1$str$ptr + 3560464
17  chromedriver                        0x0000000104f62b58 cxxbridge1$str$ptr + 3560844
18  chromedriver                        0x0000000104f71ad4 cxxbridge1$str$ptr + 3622152
19  libsystem_pthread.dylib             0x000000019aa002e4 _pthread_start + 136
20  libsystem_pthread.dylib             0x000000019a9fb0fc thread_start + 8

2024-11-18 18:08:53,390 - INFO - 请在浏览器中完成登录...
2024-11-18 18:09:20,921 - INFO - 登录成功
2024-11-18 18:09:25,922 - INFO - 开始监听消息...
2024-11-18 18:09:27,030 - INFO - 新消息: 最近真的每个龙头必洗盘给机会
2024-11-18 18:09:27,044 - INFO - 新消息: Z  h??：那个aigod 也是艺术品吧
2024-11-18 18:09:27,058 - INFO - 新消息: 以后：我非常确信 $BTW 是下一个币安现货上市[@emoji=\u2014][@emoji=\u2014]如果他们上次认真列出 Neiro 社区代币（而不是阴谋集团代币）的话。

他们列出了阴谋集团 Neiro 期货，一周后，他们列出了社区 Neiro 现货。

今天，他们在期货上列出了阴谋集团胶带香蕉代币（$BAN）。我想知道他们什么时候会现场列出实际的社区代币 $BTW。
2024-11-18 18:09:27,071 - INFO - 新消息: 以后：哈哈
2024-11-18 18:09:27,084 - INFO - 新消息: Z  h??：不是说那个才是第一个ai的艺术品嘛
2024-11-18 18:09:27,096 - INFO - 新消息: 八月：LIFE辟谣了
2024-11-18 18:09:27,109 - INFO - 新消息: Panx：[回复][以后]:
我非常确信 $BTW 是下一个币安现货上市——如果他们上次认真列出 Neiro 社区代币（而不是阴谋集团代币）的话。

他们列出了阴谋集团 Neiro 期货，一周后，他们列出了社区 Neiro 现货。

今天，他们在期货上列出了阴谋集团胶带香蕉代币（$BAN）。我想知道他们什么时候会现场列出实际的社区代币 $BTW。
回复:笑死 有人带头造反了？我去买点
2024-11-18 18:09:27,122 - INFO - 新消息: Panx：btw是真香蕉og
2024-11-18 18:09:27,134 - INFO - 新消息: 以后：不知名小v 发的
2024-11-18 18:09:27,147 - INFO - 新消息: Mu：会不会上演
2024-11-18 18:09:27,159 - INFO - 新消息: Mu：ban期货
btw现货

neiro剧本
2024-11-18 18:09:27,171 - INFO - 新消息: c：billy什么时候上啊
2024-11-18 18:09:27,183 - INFO - 新消息: c：我等累了
2024-11-18 18:09:27,210 - INFO - 新消息: Nsv1：btw少一个V神
2024-11-18 18:09:29,052 - INFO - 消息发送成功: 最近真的每个龙头必洗盘给机会...
2024-11-18 18:09:30,244 - INFO - 消息发送成功: Z  h??：那个aigod 也是艺术品吧...
2024-11-18 18:09:31,668 - INFO - 消息发送成功: 以后：我非常确信 $BTW 是下一个币安现货上市[@emoji=\u2014][@emoji=\u2...
2024-11-18 18:09:32,853 - INFO - 消息发送成功: 以后：哈哈...
2024-11-18 18:09:34,046 - INFO - 消息发送成功: Z  h??：不是说那个才是第一个ai的艺术品嘛...
2024-11-18 18:09:35,226 - INFO - 消息发送成功: 八月：LIFE辟谣了...
2024-11-18 18:09:36,628 - INFO - 消息发送成功: Panx：[回复][以后]:
我非常确信 $BTW 是下一个币安现货上市——如果他们上次认真列出 N...
2024-11-18 18:09:37,825 - INFO - 消息发送成功: Panx：btw是真香蕉og...
2024-11-18 18:09:39,020 - INFO - 消息发送成功: 以后：不知名小v 发的...
2024-11-18 18:09:40,207 - INFO - 消息发送成功: Mu：会不会上演...
2024-11-18 18:09:41,382 - INFO - 消息发送成功: Mu：ban期货
btw现货

neiro剧本...
2024-11-18 18:09:42,528 - INFO - 消息发送成功: c：billy什么时候上啊...
2024-11-18 18:09:43,702 - INFO - 消息发送成功: c：我等累了...
2024-11-18 18:09:44,932 - INFO - 消息发送成功: Nsv1：btw少一个V神...
2024-11-18 18:09:55,187 - INFO - 新消息: Panx：卖点量子 买btw
2024-11-18 18:09:56,906 - INFO - 消息发送成功: Panx：卖点量子 买btw...
2024-11-18 18:10:00,637 - INFO - 新消息: 炮炮：RST看起来不错
2024-11-18 18:10:00,648 - INFO - 新消息: 炮炮：买点RST
2024-11-18 18:10:02,372 - INFO - 消息发送成功: 炮炮：RST看起来不错...
2024-11-18 18:10:03,529 - INFO - 消息发送成功: 炮炮：买点RST...
2024-11-18 18:10:13,731 - INFO - 新消息: Panx：上车btw 好吗
2024-11-18 18:10:15,436 - INFO - 消息发送成功: Panx：上车btw 好吗...
2024-11-18 18:10:19,201 - INFO - 新消息: .：不知名小v cz关注了？
2024-11-18 18:10:20,962 - INFO - 消息发送成功: .：不知名小v cz关注了？...
2024-11-18 18:10:34,245 - ERROR - 处理单条消息时出错: 'NoneType' object has no attribute 'strip'
2024-11-18 18:10:34,247 - ERROR - 处理单条消息时出错: Message: no such window: target window already closed
from unknown error: web view not found
  (Session info: chrome=130.0.6723.117)
Stacktrace:
0   chromedriver                        0x000000010556d5dc cxxbridge1$str$ptr + 3653648
1   chromedriver                        0x0000000105565e3c cxxbridge1$str$ptr + 3623024
2   chromedriver                        0x0000000104fd0100 cxxbridge1$string$len + 88404
3   chromedriver                        0x0000000104fabb78 core::str::slice_error_fail::h1cab30ac4b13c655 + 3792
4   chromedriver                        0x0000000105038664 cxxbridge1$string$len + 515768
5   chromedriver                        0x000000010504b630 cxxbridge1$string$len + 593540
6   chromedriver                        0x00000001050070fc cxxbridge1$string$len + 313680
7   chromedriver                        0x0000000105007d4c cxxbridge1$string$len + 316832
8   chromedriver                        0x000000010553864c cxxbridge1$str$ptr + 3436672
9   chromedriver                        0x000000010553b988 cxxbridge1$str$ptr + 3449788
10  chromedriver                        0x000000010551fa5c cxxbridge1$str$ptr + 3335312
11  chromedriver                        0x000000010553c24c cxxbridge1$str$ptr + 3452032
12  chromedriver                        0x0000000105510ce8 cxxbridge1$str$ptr + 3274524
13  chromedriver                        0x00000001055569dc cxxbridge1$str$ptr + 3560464
14  chromedriver                        0x0000000105556b58 cxxbridge1$str$ptr + 3560844
15  chromedriver                        0x0000000105565ad4 cxxbridge1$str$ptr + 3622152
16  libsystem_pthread.dylib             0x000000019aa002e4 _pthread_start + 136
17  libsystem_pthread.dylib             0x000000019a9fb0fc thread_start + 8

2024-11-18 18:10:34,248 - ERROR - 处理单条消息时出错: Message: no such window: target window already closed
from unknown error: web view not found
  (Session info: chrome=130.0.6723.117)
Stacktrace:
0   chromedriver                        0x000000010556d5dc cxxbridge1$str$ptr + 3653648
1   chromedriver                        0x0000000105565e3c cxxbridge1$str$ptr + 3623024
2   chromedriver                        0x0000000104fd0100 cxxbridge1$string$len + 88404
3   chromedriver                        0x0000000104fabb78 core::str::slice_error_fail::h1cab30ac4b13c655 + 3792
4   chromedriver                        0x0000000105038664 cxxbridge1$string$len + 515768
5   chromedriver                        0x000000010504b630 cxxbridge1$string$len + 593540
6   chromedriver                        0x00000001050070fc cxxbridge1$string$len + 313680
7   chromedriver                        0x0000000105007d4c cxxbridge1$string$len + 316832
8   chromedriver                        0x000000010553864c cxxbridge1$str$ptr + 3436672
9   chromedriver                        0x000000010553b988 cxxbridge1$str$ptr + 3449788
10  chromedriver                        0x000000010551fa5c cxxbridge1$str$ptr + 3335312
11  chromedriver                        0x000000010553c24c cxxbridge1$str$ptr + 3452032
12  chromedriver                        0x0000000105510ce8 cxxbridge1$str$ptr + 3274524
13  chromedriver                        0x00000001055569dc cxxbridge1$str$ptr + 3560464
14  chromedriver                        0x0000000105556b58 cxxbridge1$str$ptr + 3560844
15  chromedriver                        0x0000000105565ad4 cxxbridge1$str$ptr + 3622152
16  libsystem_pthread.dylib             0x000000019aa002e4 _pthread_start + 136
17  libsystem_pthread.dylib             0x000000019a9fb0fc thread_start + 8

2024-11-18 18:10:34,249 - ERROR - 处理单条消息时出错: Message: no such window: target window already closed
from unknown error: web view not found
  (Session info: chrome=130.0.6723.117)
Stacktrace:
0   chromedriver                        0x000000010556d5dc cxxbridge1$str$ptr + 3653648
1   chromedriver                        0x0000000105565e3c cxxbridge1$str$ptr + 3623024
2   chromedriver                        0x0000000104fd0100 cxxbridge1$string$len + 88404
3   chromedriver                        0x0000000104fabb78 core::str::slice_error_fail::h1cab30ac4b13c655 + 3792
4   chromedriver                        0x0000000105038664 cxxbridge1$string$len + 515768
5   chromedriver                        0x000000010504b630 cxxbridge1$string$len + 593540
6   chromedriver                        0x00000001050070fc cxxbridge1$string$len + 313680
7   chromedriver                        0x0000000105007d4c cxxbridge1$string$len + 316832
8   chromedriver                        0x000000010553864c cxxbridge1$str$ptr + 3436672
9   chromedriver                        0x000000010553b988 cxxbridge1$str$ptr + 3449788
10  chromedriver                        0x000000010551fa5c cxxbridge1$str$ptr + 3335312
11  chromedriver                        0x000000010553c24c cxxbridge1$str$ptr + 3452032
12  chromedriver                        0x0000000105510ce8 cxxbridge1$str$ptr + 3274524
13  chromedriver                        0x00000001055569dc cxxbridge1$str$ptr + 3560464
14  chromedriver                        0x0000000105556b58 cxxbridge1$str$ptr + 3560844
15  chromedriver                        0x0000000105565ad4 cxxbridge1$str$ptr + 3622152
16  libsystem_pthread.dylib             0x000000019aa002e4 _pthread_start + 136
17  libsystem_pthread.dylib             0x000000019a9fb0fc thread_start + 8

2024-11-18 18:10:34,249 - ERROR - 处理单条消息时出错: Message: no such window: target window already closed
from unknown error: web view not found
  (Session info: chrome=130.0.6723.117)
Stacktrace:
0   chromedriver                        0x000000010556d5dc cxxbridge1$str$ptr + 3653648
1   chromedriver                        0x0000000105565e3c cxxbridge1$str$ptr + 3623024
2   chromedriver                        0x0000000104fd0100 cxxbridge1$string$len + 88404
3   chromedriver                        0x0000000104fabb78 core::str::slice_error_fail::h1cab30ac4b13c655 + 3792
4   chromedriver                        0x0000000105038664 cxxbridge1$string$len + 515768
5   chromedriver                        0x000000010504b630 cxxbridge1$string$len + 593540
6   chromedriver                        0x00000001050070fc cxxbridge1$string$len + 313680
7   chromedriver                        0x0000000105007d4c cxxbridge1$string$len + 316832
8   chromedriver                        0x000000010553864c cxxbridge1$str$ptr + 3436672
9   chromedriver                        0x000000010553b988 cxxbridge1$str$ptr + 3449788
10  chromedriver                        0x000000010551fa5c cxxbridge1$str$ptr + 3335312
11  chromedriver                        0x000000010553c24c cxxbridge1$str$ptr + 3452032
12  chromedriver                        0x0000000105510ce8 cxxbridge1$str$ptr + 3274524
13  chromedriver                        0x00000001055569dc cxxbridge1$str$ptr + 3560464
14  chromedriver                        0x0000000105556b58 cxxbridge1$str$ptr + 3560844
15  chromedriver                        0x0000000105565ad4 cxxbridge1$str$ptr + 3622152
16  libsystem_pthread.dylib             0x000000019aa002e4 _pthread_start + 136
17  libsystem_pthread.dylib             0x000000019a9fb0fc thread_start + 8

2024-11-18 18:10:34,250 - ERROR - 处理单条消息时出错: Message: no such window: target window already closed
from unknown error: web view not found
  (Session info: chrome=130.0.6723.117)
Stacktrace:
0   chromedriver                        0x000000010556d5dc cxxbridge1$str$ptr + 3653648
1   chromedriver                        0x0000000105565e3c cxxbridge1$str$ptr + 3623024
2   chromedriver                        0x0000000104fd0100 cxxbridge1$string$len + 88404
3   chromedriver                        0x0000000104fabb78 core::str::slice_error_fail::h1cab30ac4b13c655 + 3792
4   chromedriver                        0x0000000105038664 cxxbridge1$string$len + 515768
5   chromedriver                        0x000000010504b630 cxxbridge1$string$len + 593540
6   chromedriver                        0x00000001050070fc cxxbridge1$string$len + 313680
7   chromedriver                        0x0000000105007d4c cxxbridge1$string$len + 316832
8   chromedriver                        0x000000010553864c cxxbridge1$str$ptr + 3436672
9   chromedriver                        0x000000010553b988 cxxbridge1$str$ptr + 3449788
10  chromedriver                        0x000000010551fa5c cxxbridge1$str$ptr + 3335312
11  chromedriver                        0x000000010553c24c cxxbridge1$str$ptr + 3452032
12  chromedriver                        0x0000000105510ce8 cxxbridge1$str$ptr + 3274524
13  chromedriver                        0x00000001055569dc cxxbridge1$str$ptr + 3560464
14  chromedriver                        0x0000000105556b58 cxxbridge1$str$ptr + 3560844
15  chromedriver                        0x0000000105565ad4 cxxbridge1$str$ptr + 3622152
16  libsystem_pthread.dylib             0x000000019aa002e4 _pthread_start + 136
17  libsystem_pthread.dylib             0x000000019a9fb0fc thread_start + 8

2024-11-18 18:10:34,250 - ERROR - 处理单条消息时出错: Message: no such window: target window already closed
from unknown error: web view not found
  (Session info: chrome=130.0.6723.117)
Stacktrace:
0   chromedriver                        0x000000010556d5dc cxxbridge1$str$ptr + 3653648
1   chromedriver                        0x0000000105565e3c cxxbridge1$str$ptr + 3623024
2   chromedriver                        0x0000000104fd0100 cxxbridge1$string$len + 88404
3   chromedriver                        0x0000000104fabb78 core::str::slice_error_fail::h1cab30ac4b13c655 + 3792
4   chromedriver                        0x0000000105038664 cxxbridge1$string$len + 515768
5   chromedriver                        0x000000010504b630 cxxbridge1$string$len + 593540
6   chromedriver                        0x00000001050070fc cxxbridge1$string$len + 313680
7   chromedriver                        0x0000000105007d4c cxxbridge1$string$len + 316832
8   chromedriver                        0x000000010553864c cxxbridge1$str$ptr + 3436672
9   chromedriver                        0x000000010553b988 cxxbridge1$str$ptr + 3449788
10  chromedriver                        0x000000010551fa5c cxxbridge1$str$ptr + 3335312
11  chromedriver                        0x000000010553c24c cxxbridge1$str$ptr + 3452032
12  chromedriver                        0x0000000105510ce8 cxxbridge1$str$ptr + 3274524
13  chromedriver                        0x00000001055569dc cxxbridge1$str$ptr + 3560464
14  chromedriver                        0x0000000105556b58 cxxbridge1$str$ptr + 3560844
15  chromedriver                        0x0000000105565ad4 cxxbridge1$str$ptr + 3622152
16  libsystem_pthread.dylib             0x000000019aa002e4 _pthread_start + 136
17  libsystem_pthread.dylib             0x000000019a9fb0fc thread_start + 8

2024-11-18 18:10:34,251 - ERROR - 处理单条消息时出错: Message: no such window: target window already closed
from unknown error: web view not found
  (Session info: chrome=130.0.6723.117)
Stacktrace:
0   chromedriver                        0x000000010556d5dc cxxbridge1$str$ptr + 3653648
1   chromedriver                        0x0000000105565e3c cxxbridge1$str$ptr + 3623024
2   chromedriver                        0x0000000104fd0100 cxxbridge1$string$len + 88404
3   chromedriver                        0x0000000104fabb78 core::str::slice_error_fail::h1cab30ac4b13c655 + 3792
4   chromedriver                        0x0000000105038664 cxxbridge1$string$len + 515768
5   chromedriver                        0x000000010504b630 cxxbridge1$string$len + 593540
6   chromedriver                        0x00000001050070fc cxxbridge1$string$len + 313680
7   chromedriver                        0x0000000105007d4c cxxbridge1$string$len + 316832
8   chromedriver                        0x000000010553864c cxxbridge1$str$ptr + 3436672
9   chromedriver                        0x000000010553b988 cxxbridge1$str$ptr + 3449788
10  chromedriver                        0x000000010551fa5c cxxbridge1$str$ptr + 3335312
11  chromedriver                        0x000000010553c24c cxxbridge1$str$ptr + 3452032
12  chromedriver                        0x0000000105510ce8 cxxbridge1$str$ptr + 3274524
13  chromedriver                        0x00000001055569dc cxxbridge1$str$ptr + 3560464
14  chromedriver                        0x0000000105556b58 cxxbridge1$str$ptr + 3560844
15  chromedriver                        0x0000000105565ad4 cxxbridge1$str$ptr + 3622152
16  libsystem_pthread.dylib             0x000000019aa002e4 _pthread_start + 136
17  libsystem_pthread.dylib             0x000000019a9fb0fc thread_start + 8

2024-11-18 18:10:34,252 - ERROR - 处理单条消息时出错: Message: no such window: target window already closed
from unknown error: web view not found
  (Session info: chrome=130.0.6723.117)
Stacktrace:
0   chromedriver                        0x000000010556d5dc cxxbridge1$str$ptr + 3653648
1   chromedriver                        0x0000000105565e3c cxxbridge1$str$ptr + 3623024
2   chromedriver                        0x0000000104fd0100 cxxbridge1$string$len + 88404
3   chromedriver                        0x0000000104fabb78 core::str::slice_error_fail::h1cab30ac4b13c655 + 3792
4   chromedriver                        0x0000000105038664 cxxbridge1$string$len + 515768
5   chromedriver                        0x000000010504b630 cxxbridge1$string$len + 593540
6   chromedriver                        0x00000001050070fc cxxbridge1$string$len + 313680
7   chromedriver                        0x0000000105007d4c cxxbridge1$string$len + 316832
8   chromedriver                        0x000000010553864c cxxbridge1$str$ptr + 3436672
9   chromedriver                        0x000000010553b988 cxxbridge1$str$ptr + 3449788
10  chromedriver                        0x000000010551fa5c cxxbridge1$str$ptr + 3335312
11  chromedriver                        0x000000010553c24c cxxbridge1$str$ptr + 3452032
12  chromedriver                        0x0000000105510ce8 cxxbridge1$str$ptr + 3274524
13  chromedriver                        0x00000001055569dc cxxbridge1$str$ptr + 3560464
14  chromedriver                        0x0000000105556b58 cxxbridge1$str$ptr + 3560844
15  chromedriver                        0x0000000105565ad4 cxxbridge1$str$ptr + 3622152
16  libsystem_pthread.dylib             0x000000019aa002e4 _pthread_start + 136
17  libsystem_pthread.dylib             0x000000019a9fb0fc thread_start + 8

2024-11-18 18:10:34,253 - ERROR - 处理单条消息时出错: Message: no such window: target window already closed
from unknown error: web view not found
  (Session info: chrome=130.0.6723.117)
Stacktrace:
0   chromedriver                        0x000000010556d5dc cxxbridge1$str$ptr + 3653648
1   chromedriver                        0x0000000105565e3c cxxbridge1$str$ptr + 3623024
2   chromedriver                        0x0000000104fd0100 cxxbridge1$string$len + 88404
3   chromedriver                        0x0000000104fabb78 core::str::slice_error_fail::h1cab30ac4b13c655 + 3792
4   chromedriver                        0x0000000105038664 cxxbridge1$string$len + 515768
5   chromedriver                        0x000000010504b630 cxxbridge1$string$len + 593540
6   chromedriver                        0x00000001050070fc cxxbridge1$string$len + 313680
7   chromedriver                        0x0000000105007d4c cxxbridge1$string$len + 316832
8   chromedriver                        0x000000010553864c cxxbridge1$str$ptr + 3436672
9   chromedriver                        0x000000010553b988 cxxbridge1$str$ptr + 3449788
10  chromedriver                        0x000000010551fa5c cxxbridge1$str$ptr + 3335312
11  chromedriver                        0x000000010553c24c cxxbridge1$str$ptr + 3452032
12  chromedriver                        0x0000000105510ce8 cxxbridge1$str$ptr + 3274524
13  chromedriver                        0x00000001055569dc cxxbridge1$str$ptr + 3560464
14  chromedriver                        0x0000000105556b58 cxxbridge1$str$ptr + 3560844
15  chromedriver                        0x0000000105565ad4 cxxbridge1$str$ptr + 3622152
16  libsystem_pthread.dylib             0x000000019aa002e4 _pthread_start + 136
17  libsystem_pthread.dylib             0x000000019a9fb0fc thread_start + 8

2024-11-18 18:10:34,255 - ERROR - 处理单条消息时出错: Message: no such window: target window already closed
from unknown error: web view not found
  (Session info: chrome=130.0.6723.117)
Stacktrace:
0   chromedriver                        0x000000010556d5dc cxxbridge1$str$ptr + 3653648
1   chromedriver                        0x0000000105565e3c cxxbridge1$str$ptr + 3623024
2   chromedriver                        0x0000000104fd0100 cxxbridge1$string$len + 88404
3   chromedriver                        0x0000000104fabb78 core::str::slice_error_fail::h1cab30ac4b13c655 + 3792
4   chromedriver                        0x0000000105038664 cxxbridge1$string$len + 515768
5   chromedriver                        0x000000010504b630 cxxbridge1$string$len + 593540
6   chromedriver                        0x00000001050070fc cxxbridge1$string$len + 313680
7   chromedriver                        0x0000000105007d4c cxxbridge1$string$len + 316832
8   chromedriver                        0x000000010553864c cxxbridge1$str$ptr + 3436672
9   chromedriver                        0x000000010553b988 cxxbridge1$str$ptr + 3449788
10  chromedriver                        0x000000010551fa5c cxxbridge1$str$ptr + 3335312
11  chromedriver                        0x000000010553c24c cxxbridge1$str$ptr + 3452032
12  chromedriver                        0x0000000105510ce8 cxxbridge1$str$ptr + 3274524
13  chromedriver                        0x00000001055569dc cxxbridge1$str$ptr + 3560464
14  chromedriver                        0x0000000105556b58 cxxbridge1$str$ptr + 3560844
15  chromedriver                        0x0000000105565ad4 cxxbridge1$str$ptr + 3622152
16  libsystem_pthread.dylib             0x000000019aa002e4 _pthread_start + 136
17  libsystem_pthread.dylib             0x000000019a9fb0fc thread_start + 8

2024-11-18 18:10:34,257 - ERROR - 处理单条消息时出错: Message: no such window: target window already closed
from unknown error: web view not found
  (Session info: chrome=130.0.6723.117)
Stacktrace:
0   chromedriver                        0x000000010556d5dc cxxbridge1$str$ptr + 3653648
1   chromedriver                        0x0000000105565e3c cxxbridge1$str$ptr + 3623024
2   chromedriver                        0x0000000104fd0100 cxxbridge1$string$len + 88404
3   chromedriver                        0x0000000104fabb78 core::str::slice_error_fail::h1cab30ac4b13c655 + 3792
4   chromedriver                        0x0000000105038664 cxxbridge1$string$len + 515768
5   chromedriver                        0x000000010504b630 cxxbridge1$string$len + 593540
6   chromedriver                        0x00000001050070fc cxxbridge1$string$len + 313680
7   chromedriver                        0x0000000105007d4c cxxbridge1$string$len + 316832
8   chromedriver                        0x000000010553864c cxxbridge1$str$ptr + 3436672
9   chromedriver                        0x000000010553b988 cxxbridge1$str$ptr + 3449788
10  chromedriver                        0x000000010551fa5c cxxbridge1$str$ptr + 3335312
11  chromedriver                        0x000000010553c24c cxxbridge1$str$ptr + 3452032
12  chromedriver                        0x0000000105510ce8 cxxbridge1$str$ptr + 3274524
13  chromedriver                        0x00000001055569dc cxxbridge1$str$ptr + 3560464
14  chromedriver                        0x0000000105556b58 cxxbridge1$str$ptr + 3560844
15  chromedriver                        0x0000000105565ad4 cxxbridge1$str$ptr + 3622152
16  libsystem_pthread.dylib             0x000000019aa002e4 _pthread_start + 136
17  libsystem_pthread.dylib             0x000000019a9fb0fc thread_start + 8

2024-11-18 18:10:34,258 - ERROR - 处理单条消息时出错: Message: no such window: target window already closed
from unknown error: web view not found
  (Session info: chrome=130.0.6723.117)
Stacktrace:
0   chromedriver                        0x000000010556d5dc cxxbridge1$str$ptr + 3653648
1   chromedriver                        0x0000000105565e3c cxxbridge1$str$ptr + 3623024
2   chromedriver                        0x0000000104fd0100 cxxbridge1$string$len + 88404
3   chromedriver                        0x0000000104fabb78 core::str::slice_error_fail::h1cab30ac4b13c655 + 3792
4   chromedriver                        0x0000000105038664 cxxbridge1$string$len + 515768
5   chromedriver                        0x000000010504b630 cxxbridge1$string$len + 593540
6   chromedriver                        0x00000001050070fc cxxbridge1$string$len + 313680
7   chromedriver                        0x0000000105007d4c cxxbridge1$string$len + 316832
8   chromedriver                        0x000000010553864c cxxbridge1$str$ptr + 3436672
9   chromedriver                        0x000000010553b988 cxxbridge1$str$ptr + 3449788
10  chromedriver                        0x000000010551fa5c cxxbridge1$str$ptr + 3335312
11  chromedriver                        0x000000010553c24c cxxbridge1$str$ptr + 3452032
12  chromedriver                        0x0000000105510ce8 cxxbridge1$str$ptr + 3274524
13  chromedriver                        0x00000001055569dc cxxbridge1$str$ptr + 3560464
14  chromedriver                        0x0000000105556b58 cxxbridge1$str$ptr + 3560844
15  chromedriver                        0x0000000105565ad4 cxxbridge1$str$ptr + 3622152
16  libsystem_pthread.dylib             0x000000019aa002e4 _pthread_start + 136
17  libsystem_pthread.dylib             0x000000019a9fb0fc thread_start + 8

2024-11-18 18:10:34,259 - ERROR - 处理单条消息时出错: Message: no such window: target window already closed
from unknown error: web view not found
  (Session info: chrome=130.0.6723.117)
Stacktrace:
0   chromedriver                        0x000000010556d5dc cxxbridge1$str$ptr + 3653648
1   chromedriver                        0x0000000105565e3c cxxbridge1$str$ptr + 3623024
2   chromedriver                        0x0000000104fd0100 cxxbridge1$string$len + 88404
3   chromedriver                        0x0000000104fabb78 core::str::slice_error_fail::h1cab30ac4b13c655 + 3792
4   chromedriver                        0x0000000105038664 cxxbridge1$string$len + 515768
5   chromedriver                        0x000000010504b630 cxxbridge1$string$len + 593540
6   chromedriver                        0x00000001050070fc cxxbridge1$string$len + 313680
7   chromedriver                        0x0000000105007d4c cxxbridge1$string$len + 316832
8   chromedriver                        0x000000010553864c cxxbridge1$str$ptr + 3436672
9   chromedriver                        0x000000010553b988 cxxbridge1$str$ptr + 3449788
10  chromedriver                        0x000000010551fa5c cxxbridge1$str$ptr + 3335312
11  chromedriver                        0x000000010553c24c cxxbridge1$str$ptr + 3452032
12  chromedriver                        0x0000000105510ce8 cxxbridge1$str$ptr + 3274524
13  chromedriver                        0x00000001055569dc cxxbridge1$str$ptr + 3560464
14  chromedriver                        0x0000000105556b58 cxxbridge1$str$ptr + 3560844
15  chromedriver                        0x0000000105565ad4 cxxbridge1$str$ptr + 3622152
16  libsystem_pthread.dylib             0x000000019aa002e4 _pthread_start + 136
17  libsystem_pthread.dylib             0x000000019a9fb0fc thread_start + 8

2024-11-18 18:10:34,259 - ERROR - 处理单条消息时出错: Message: no such window: target window already closed
from unknown error: web view not found
  (Session info: chrome=130.0.6723.117)
Stacktrace:
0   chromedriver                        0x000000010556d5dc cxxbridge1$str$ptr + 3653648
1   chromedriver                        0x0000000105565e3c cxxbridge1$str$ptr + 3623024
2   chromedriver                        0x0000000104fd0100 cxxbridge1$string$len + 88404
3   chromedriver                        0x0000000104fabb78 core::str::slice_error_fail::h1cab30ac4b13c655 + 3792
4   chromedriver                        0x0000000105038664 cxxbridge1$string$len + 515768
5   chromedriver                        0x000000010504b630 cxxbridge1$string$len + 593540
6   chromedriver                        0x00000001050070fc cxxbridge1$string$len + 313680
7   chromedriver                        0x0000000105007d4c cxxbridge1$string$len + 316832
8   chromedriver                        0x000000010553864c cxxbridge1$str$ptr + 3436672
9   chromedriver                        0x000000010553b988 cxxbridge1$str$ptr + 3449788
10  chromedriver                        0x000000010551fa5c cxxbridge1$str$ptr + 3335312
11  chromedriver                        0x000000010553c24c cxxbridge1$str$ptr + 3452032
12  chromedriver                        0x0000000105510ce8 cxxbridge1$str$ptr + 3274524
13  chromedriver                        0x00000001055569dc cxxbridge1$str$ptr + 3560464
14  chromedriver                        0x0000000105556b58 cxxbridge1$str$ptr + 3560844
15  chromedriver                        0x0000000105565ad4 cxxbridge1$str$ptr + 3622152
16  libsystem_pthread.dylib             0x000000019aa002e4 _pthread_start + 136
17  libsystem_pthread.dylib             0x000000019a9fb0fc thread_start + 8

2024-11-18 18:10:34,260 - ERROR - 处理单条消息时出错: Message: no such window: target window already closed
from unknown error: web view not found
  (Session info: chrome=130.0.6723.117)
Stacktrace:
0   chromedriver                        0x000000010556d5dc cxxbridge1$str$ptr + 3653648
1   chromedriver                        0x0000000105565e3c cxxbridge1$str$ptr + 3623024
2   chromedriver                        0x0000000104fd0100 cxxbridge1$string$len + 88404
3   chromedriver                        0x0000000104fabb78 core::str::slice_error_fail::h1cab30ac4b13c655 + 3792
4   chromedriver                        0x0000000105038664 cxxbridge1$string$len + 515768
5   chromedriver                        0x000000010504b630 cxxbridge1$string$len + 593540
6   chromedriver                        0x00000001050070fc cxxbridge1$string$len + 313680
7   chromedriver                        0x0000000105007d4c cxxbridge1$string$len + 316832
8   chromedriver                        0x000000010553864c cxxbridge1$str$ptr + 3436672
9   chromedriver                        0x000000010553b988 cxxbridge1$str$ptr + 3449788
10  chromedriver                        0x000000010551fa5c cxxbridge1$str$ptr + 3335312
11  chromedriver                        0x000000010553c24c cxxbridge1$str$ptr + 3452032
12  chromedriver                        0x0000000105510ce8 cxxbridge1$str$ptr + 3274524
13  chromedriver                        0x00000001055569dc cxxbridge1$str$ptr + 3560464
14  chromedriver                        0x0000000105556b58 cxxbridge1$str$ptr + 3560844
15  chromedriver                        0x0000000105565ad4 cxxbridge1$str$ptr + 3622152
16  libsystem_pthread.dylib             0x000000019aa002e4 _pthread_start + 136
17  libsystem_pthread.dylib             0x000000019a9fb0fc thread_start + 8

2024-11-18 18:10:34,261 - ERROR - 处理单条消息时出错: Message: no such window: target window already closed
from unknown error: web view not found
  (Session info: chrome=130.0.6723.117)
Stacktrace:
0   chromedriver                        0x000000010556d5dc cxxbridge1$str$ptr + 3653648
1   chromedriver                        0x0000000105565e3c cxxbridge1$str$ptr + 3623024
2   chromedriver                        0x0000000104fd0100 cxxbridge1$string$len + 88404
3   chromedriver                        0x0000000104fabb78 core::str::slice_error_fail::h1cab30ac4b13c655 + 3792
4   chromedriver                        0x0000000105038664 cxxbridge1$string$len + 515768
5   chromedriver                        0x000000010504b630 cxxbridge1$string$len + 593540
6   chromedriver                        0x00000001050070fc cxxbridge1$string$len + 313680
7   chromedriver                        0x0000000105007d4c cxxbridge1$string$len + 316832
8   chromedriver                        0x000000010553864c cxxbridge1$str$ptr + 3436672
9   chromedriver                        0x000000010553b988 cxxbridge1$str$ptr + 3449788
10  chromedriver                        0x000000010551fa5c cxxbridge1$str$ptr + 3335312
11  chromedriver                        0x000000010553c24c cxxbridge1$str$ptr + 3452032
12  chromedriver                        0x0000000105510ce8 cxxbridge1$str$ptr + 3274524
13  chromedriver                        0x00000001055569dc cxxbridge1$str$ptr + 3560464
14  chromedriver                        0x0000000105556b58 cxxbridge1$str$ptr + 3560844
15  chromedriver                        0x0000000105565ad4 cxxbridge1$str$ptr + 3622152
16  libsystem_pthread.dylib             0x000000019aa002e4 _pthread_start + 136
17  libsystem_pthread.dylib             0x000000019a9fb0fc thread_start + 8

2024-11-18 18:10:34,261 - ERROR - 处理单条消息时出错: Message: no such window: target window already closed
from unknown error: web view not found
  (Session info: chrome=130.0.6723.117)
Stacktrace:
0   chromedriver                        0x000000010556d5dc cxxbridge1$str$ptr + 3653648
1   chromedriver                        0x0000000105565e3c cxxbridge1$str$ptr + 3623024
2   chromedriver                        0x0000000104fd0100 cxxbridge1$string$len + 88404
3   chromedriver                        0x0000000104fabb78 core::str::slice_error_fail::h1cab30ac4b13c655 + 3792
4   chromedriver                        0x0000000105038664 cxxbridge1$string$len + 515768
5   chromedriver                        0x000000010504b630 cxxbridge1$string$len + 593540
6   chromedriver                        0x00000001050070fc cxxbridge1$string$len + 313680
7   chromedriver                        0x0000000105007d4c cxxbridge1$string$len + 316832
8   chromedriver                        0x000000010553864c cxxbridge1$str$ptr + 3436672
9   chromedriver                        0x000000010553b988 cxxbridge1$str$ptr + 3449788
10  chromedriver                        0x000000010551fa5c cxxbridge1$str$ptr + 3335312
11  chromedriver                        0x000000010553c24c cxxbridge1$str$ptr + 3452032
12  chromedriver                        0x0000000105510ce8 cxxbridge1$str$ptr + 3274524
13  chromedriver                        0x00000001055569dc cxxbridge1$str$ptr + 3560464
14  chromedriver                        0x0000000105556b58 cxxbridge1$str$ptr + 3560844
15  chromedriver                        0x0000000105565ad4 cxxbridge1$str$ptr + 3622152
16  libsystem_pthread.dylib             0x000000019aa002e4 _pthread_start + 136
17  libsystem_pthread.dylib             0x000000019a9fb0fc thread_start + 8

2024-11-18 18:10:34,263 - ERROR - 处理单条消息时出错: Message: no such window: target window already closed
from unknown error: web view not found
  (Session info: chrome=130.0.6723.117)
Stacktrace:
0   chromedriver                        0x000000010556d5dc cxxbridge1$str$ptr + 3653648
1   chromedriver                        0x0000000105565e3c cxxbridge1$str$ptr + 3623024
2   chromedriver                        0x0000000104fd0100 cxxbridge1$string$len + 88404
3   chromedriver                        0x0000000104fabb78 core::str::slice_error_fail::h1cab30ac4b13c655 + 3792
4   chromedriver                        0x0000000105038664 cxxbridge1$string$len + 515768
5   chromedriver                        0x000000010504b630 cxxbridge1$string$len + 593540
6   chromedriver                        0x00000001050070fc cxxbridge1$string$len + 313680
7   chromedriver                        0x0000000105007d4c cxxbridge1$string$len + 316832
8   chromedriver                        0x000000010553864c cxxbridge1$str$ptr + 3436672
9   chromedriver                        0x000000010553b988 cxxbridge1$str$ptr + 3449788
10  chromedriver                        0x000000010551fa5c cxxbridge1$str$ptr + 3335312
11  chromedriver                        0x000000010553c24c cxxbridge1$str$ptr + 3452032
12  chromedriver                        0x0000000105510ce8 cxxbridge1$str$ptr + 3274524
13  chromedriver                        0x00000001055569dc cxxbridge1$str$ptr + 3560464
14  chromedriver                        0x0000000105556b58 cxxbridge1$str$ptr + 3560844
15  chromedriver                        0x0000000105565ad4 cxxbridge1$str$ptr + 3622152
16  libsystem_pthread.dylib             0x000000019aa002e4 _pthread_start + 136
17  libsystem_pthread.dylib             0x000000019a9fb0fc thread_start + 8

2024-11-18 18:10:34,283 - ERROR - 处理单条消息时出错: Message: no such window: target window already closed
from unknown error: web view not found
  (Session info: chrome=130.0.6723.117)
Stacktrace:
0   chromedriver                        0x000000010556d5dc cxxbridge1$str$ptr + 3653648
1   chromedriver                        0x0000000105565e3c cxxbridge1$str$ptr + 3623024
2   chromedriver                        0x0000000104fd0100 cxxbridge1$string$len + 88404
3   chromedriver                        0x0000000104fabb78 core::str::slice_error_fail::h1cab30ac4b13c655 + 3792
4   chromedriver                        0x0000000105038664 cxxbridge1$string$len + 515768
5   chromedriver                        0x000000010504b630 cxxbridge1$string$len + 593540
6   chromedriver                        0x00000001050070fc cxxbridge1$string$len + 313680
7   chromedriver                        0x0000000105007d4c cxxbridge1$string$len + 316832
8   chromedriver                        0x000000010553864c cxxbridge1$str$ptr + 3436672
9   chromedriver                        0x000000010553b988 cxxbridge1$str$ptr + 3449788
10  chromedriver                        0x000000010551fa5c cxxbridge1$str$ptr + 3335312
11  chromedriver                        0x000000010553c24c cxxbridge1$str$ptr + 3452032
12  chromedriver                        0x0000000105510ce8 cxxbridge1$str$ptr + 3274524
13  chromedriver                        0x00000001055569dc cxxbridge1$str$ptr + 3560464
14  chromedriver                        0x0000000105556b58 cxxbridge1$str$ptr + 3560844
15  chromedriver                        0x0000000105565ad4 cxxbridge1$str$ptr + 3622152
16  libsystem_pthread.dylib             0x000000019aa002e4 _pthread_start + 136
17  libsystem_pthread.dylib             0x000000019a9fb0fc thread_start + 8

2024-11-18 18:10:34,300 - ERROR - 处理单条消息时出错: Message: no such window: target window already closed
from unknown error: web view not found
  (Session info: chrome=130.0.6723.117)
Stacktrace:
0   chromedriver                        0x000000010556d5dc cxxbridge1$str$ptr + 3653648
1   chromedriver                        0x0000000105565e3c cxxbridge1$str$ptr + 3623024
2   chromedriver                        0x0000000104fd0100 cxxbridge1$string$len + 88404
3   chromedriver                        0x0000000104fabb78 core::str::slice_error_fail::h1cab30ac4b13c655 + 3792
4   chromedriver                        0x0000000105038664 cxxbridge1$string$len + 515768
5   chromedriver                        0x000000010504b630 cxxbridge1$string$len + 593540
6   chromedriver                        0x00000001050070fc cxxbridge1$string$len + 313680
7   chromedriver                        0x0000000105007d4c cxxbridge1$string$len + 316832
8   chromedriver                        0x000000010553864c cxxbridge1$str$ptr + 3436672
9   chromedriver                        0x000000010553b988 cxxbridge1$str$ptr + 3449788
10  chromedriver                        0x000000010551fa5c cxxbridge1$str$ptr + 3335312
11  chromedriver                        0x000000010553c24c cxxbridge1$str$ptr + 3452032
12  chromedriver                        0x0000000105510ce8 cxxbridge1$str$ptr + 3274524
13  chromedriver                        0x00000001055569dc cxxbridge1$str$ptr + 3560464
14  chromedriver                        0x0000000105556b58 cxxbridge1$str$ptr + 3560844
15  chromedriver                        0x0000000105565ad4 cxxbridge1$str$ptr + 3622152
16  libsystem_pthread.dylib             0x000000019aa002e4 _pthread_start + 136
17  libsystem_pthread.dylib             0x000000019a9fb0fc thread_start + 8

2024-11-18 18:10:36,302 - ERROR - 程序发生错误: Message: no such window: target window already closed
from unknown error: web view not found
  (Session info: chrome=130.0.6723.117)
Stacktrace:
0   chromedriver                        0x000000010556d5dc cxxbridge1$str$ptr + 3653648
1   chromedriver                        0x0000000105565e3c cxxbridge1$str$ptr + 3623024
2   chromedriver                        0x0000000104fd0100 cxxbridge1$string$len + 88404
3   chromedriver                        0x0000000104fabb78 core::str::slice_error_fail::h1cab30ac4b13c655 + 3792
4   chromedriver                        0x0000000105038664 cxxbridge1$string$len + 515768
5   chromedriver                        0x000000010504b630 cxxbridge1$string$len + 593540
6   chromedriver                        0x00000001050070fc cxxbridge1$string$len + 313680
7   chromedriver                        0x0000000105007d4c cxxbridge1$string$len + 316832
8   chromedriver                        0x000000010553864c cxxbridge1$str$ptr + 3436672
9   chromedriver                        0x000000010553b988 cxxbridge1$str$ptr + 3449788
10  chromedriver                        0x000000010551fa5c cxxbridge1$str$ptr + 3335312
11  chromedriver                        0x000000010553c24c cxxbridge1$str$ptr + 3452032
12  chromedriver                        0x0000000105510ce8 cxxbridge1$str$ptr + 3274524
13  chromedriver                        0x00000001055569dc cxxbridge1$str$ptr + 3560464
14  chromedriver                        0x0000000105556b58 cxxbridge1$str$ptr + 3560844
15  chromedriver                        0x0000000105565ad4 cxxbridge1$str$ptr + 3622152
16  libsystem_pthread.dylib             0x000000019aa002e4 _pthread_start + 136
17  libsystem_pthread.dylib             0x000000019a9fb0fc thread_start + 8

