2024-11-20 17:38:16,253 - feishu_sync - INFO - 正在启动浏览器...
2024-11-20 17:38:19,593 - feishu_sync - INFO - 浏览器已启动，请扫码登录...
2024-11-20 17:38:43,720 - feishu_sync - INFO - 登录成功
2024-11-20 17:38:43,721 - feishu_sync - INFO - 开始监控消息...
2024-11-20 17:38:43,721 - feishu_sync - INFO - 登录成功，准备开始监控
2024-11-20 17:38:49,239 - feishu_sync - INFO - 消息已转发到群 [Yay-0xsun]: Leo、：这个也行...
2024-11-20 17:39:00,627 - feishu_sync - INFO - 消息已转发到群 [Yay-0xsun]: 律动：玩apt链...
2024-11-20 17:39:05,996 - feishu_sync - INFO - 消息已转发到群 [Yay-0xsun]: 律动：使用什么钱包...
2024-11-20 17:39:11,228 - feishu_sync - INFO - 消息已转发到群 [Yay-0xsun]: 律动：想送钱...
2024-11-20 17:39:16,419 - feishu_sync - INFO - 消息已转发到群 [Yay-0xsun]: 蓝宝：rise...
2024-11-20 17:39:21,498 - feishu_sync - INFO - 消息已转发到群 [Yay-0xsun]: 律动：挺急的...
2024-11-20 17:39:27,668 - feishu_sync - INFO - 消息已转发到群 [Yay-0xsun]: 风雨同舟：哎 等会btc回调 山寨又跳水...
2024-11-20 17:39:32,672 - feishu_sync - INFO - 消息已转发到群 [Yay-0xsun]: 律动：OK...
2024-11-20 17:39:38,149 - feishu_sync - INFO - 消息已转发到群 [Yay-0xsun]: 律动：为什么钱包连不上...
2024-11-20 17:39:44,735 - feishu_sync - INFO - 消息已转发到群 [Yay-0xsun]: 律动：这个emojicoin不支持rise钱宝吗...
2024-11-20 17:39:49,763 - feishu_sync - INFO - 消息已转发到群 [Yay-0xsun]: 恋：刷新、...
2024-11-20 17:39:55,119 - feishu_sync - INFO - 消息已转发到群 [Yay-0xsun]: Leo、：这个也行...
2024-11-20 17:40:06,573 - feishu_sync - INFO - 消息已转发到群 [Yay-0xsun]: 律动：使用什么钱包...
2024-11-20 17:40:11,684 - feishu_sync - INFO - 消息已转发到群 [Yay-0xsun]: 律动：想送钱...
2024-11-20 17:40:16,859 - feishu_sync - INFO - 消息已转发到群 [Yay-0xsun]: 蓝宝：rise...
2024-11-20 17:40:21,942 - feishu_sync - INFO - 消息已转发到群 [Yay-0xsun]: 律动：挺急的...
2024-11-20 17:40:28,094 - feishu_sync - INFO - 消息已转发到群 [Yay-0xsun]: 风雨同舟：哎 等会btc回调 山寨又跳水...
2024-11-20 17:40:33,135 - feishu_sync - INFO - 消息已转发到群 [Yay-0xsun]: 律动：OK...
2024-11-20 17:40:38,619 - feishu_sync - INFO - 消息已转发到群 [Yay-0xsun]: 律动：为什么钱包连不上...
2024-11-20 17:40:45,211 - feishu_sync - INFO - 消息已转发到群 [Yay-0xsun]: 律动：这个emojicoin不支持rise钱宝吗...
2024-11-20 17:40:49,900 - feishu_sync - ERROR - 发送消息失败: Message: invalid session id
Stacktrace:
0   chromedriver                        0x00000001031e3ac4 cxxbridge1$str$ptr + 3651580
1   chromedriver                        0x00000001031dc314 cxxbridge1$str$ptr + 3620940
2   chromedriver                        0x0000000102c44324 cxxbridge1$string$len + 88824
3   chromedriver                        0x0000000102c7ce50 cxxbridge1$string$len + 321060
4   chromedriver                        0x0000000102c7dd00 cxxbridge1$string$len + 324820
5   chromedriver                        0x00000001031aee08 cxxbridge1$str$ptr + 3435328
6   chromedriver                        0x00000001031b2120 cxxbridge1$str$ptr + 3448408
7   chromedriver                        0x000000010319617c cxxbridge1$str$ptr + 3333812
8   chromedriver                        0x00000001031b29e0 cxxbridge1$str$ptr + 3450648
9   chromedriver                        0x0000000103187988 cxxbridge1$str$ptr + 3274432
10  chromedriver                        0x00000001031cd0f4 cxxbridge1$str$ptr + 3558956
11  chromedriver                        0x00000001031cd270 cxxbridge1$str$ptr + 3559336
12  chromedriver                        0x00000001031dbf88 cxxbridge1$str$ptr + 3620032
13  libsystem_pthread.dylib             0x000000019aa002e4 _pthread_start + 136
14  libsystem_pthread.dylib             0x000000019a9fb0fc thread_start + 8

2024-11-20 17:40:49,900 - feishu_sync - ERROR - 消息内容: 恋：刷新、
2024-11-20 17:40:49,901 - feishu_sync - INFO - 监控已停止
2024-11-20 17:40:49,902 - feishu_sync - INFO - 停止监控
2024-11-20 17:40:49,903 - feishu_sync - ERROR - 无法获取发送按钮状态
2024-11-20 17:40:49,904 - feishu_sync - ERROR - 查找群组 Yay-0xsun 失败: 'NoneType' object has no attribute 'find_element'
2024-11-20 17:40:49,904 - feishu_sync - ERROR - 未找到目标群: Yay-0xsun
2024-11-20 17:40:49,904 - feishu_sync - ERROR - 查找群组 Yay-0xsun 失败: 'NoneType' object has no attribute 'find_element'
2024-11-20 17:40:49,904 - feishu_sync - ERROR - 未找到目标群: Yay-0xsun
2024-11-20 17:41:05,523 - feishu_sync - INFO - 正在启动浏览器...
2024-11-20 17:41:08,549 - feishu_sync - INFO - 浏览器已启动，请扫码登录...
2024-11-20 17:41:32,814 - feishu_sync - INFO - 登录成功
2024-11-20 17:41:32,814 - feishu_sync - INFO - 开始监控消息...
2024-11-20 17:41:32,814 - feishu_sync - INFO - 登录成功，准备开始监控
2024-11-20 17:41:36,118 - feishu_sync - INFO - 找到输入框区域
2024-11-20 17:41:37,208 - feishu_sync - INFO - 当前输入框内容: 发送给 Yay-0xsun
2024-11-20 17:41:37,950 - feishu_sync - INFO - 开始输入消息: ??GY：我也买进去了
2024-11-20 17:41:39,085 - feishu_sync - INFO - 输入后的文本: ??GY：我也买进去了
2024-11-20 17:41:39,096 - feishu_sync - INFO - 找到 13 个按钮
2024-11-20 17:42:49,518 - feishu_sync - INFO - 监控已停止
2024-11-20 17:42:49,519 - feishu_sync - INFO - 停止监控
2024-11-20 17:42:49,549 - feishu_sync - ERROR - 发送消息失败: 未找到发送按钮
2024-11-20 17:42:49,549 - feishu_sync - ERROR - 消息内容: ??GY：我也买进去了
2024-11-20 17:42:49,550 - feishu_sync - ERROR - 查找群组 Yay-0xsun 失败: 'NoneType' object has no attribute 'find_element'
2024-11-20 17:42:49,550 - feishu_sync - ERROR - 未找到目标群: Yay-0xsun
2024-11-20 17:42:49,550 - feishu_sync - ERROR - 查找群组 Yay-0xsun 失败: 'NoneType' object has no attribute 'find_element'
2024-11-20 17:42:49,550 - feishu_sync - ERROR - 未找到目标群: Yay-0xsun
2024-11-20 17:42:49,550 - feishu_sync - ERROR - 查找群组 Yay-0xsun 失败: 'NoneType' object has no attribute 'find_element'
2024-11-20 17:42:49,550 - feishu_sync - ERROR - 未找到目标群: Yay-0xsun
2024-11-20 17:42:49,550 - feishu_sync - ERROR - 查找群组 Yay-0xsun 失败: 'NoneType' object has no attribute 'find_element'
2024-11-20 17:42:49,550 - feishu_sync - ERROR - 未找到目标群: Yay-0xsun
2024-11-20 17:42:49,550 - feishu_sync - ERROR - 查找群组 Yay-0xsun 失败: 'NoneType' object has no attribute 'find_element'
2024-11-20 17:42:49,550 - feishu_sync - ERROR - 未找到目标群: Yay-0xsun
2024-11-20 17:42:49,550 - feishu_sync - ERROR - 查找群组 Yay-0xsun 失败: 'NoneType' object has no attribute 'find_element'
2024-11-20 17:42:49,550 - feishu_sync - ERROR - 未找到目标群: Yay-0xsun
2024-11-20 17:42:49,550 - feishu_sync - ERROR - 查找群组 Yay-0xsun 失败: 'NoneType' object has no attribute 'find_element'
2024-11-20 17:42:49,550 - feishu_sync - ERROR - 未找到目标群: Yay-0xsun
2024-11-20 17:42:49,550 - feishu_sync - ERROR - 查找群组 Yay-0xsun 失败: 'NoneType' object has no attribute 'find_element'
2024-11-20 17:42:49,550 - feishu_sync - ERROR - 未找到目标群: Yay-0xsun
2024-11-20 17:42:49,550 - feishu_sync - ERROR - 查找群组 Yay-0xsun 失败: 'NoneType' object has no attribute 'find_element'
2024-11-20 17:42:49,550 - feishu_sync - ERROR - 未找到目标群: Yay-0xsun
2024-11-20 17:42:49,550 - feishu_sync - ERROR - 查找群组 Yay-0xsun 失败: 'NoneType' object has no attribute 'find_element'
2024-11-20 17:42:49,550 - feishu_sync - ERROR - 未找到目标群: Yay-0xsun
2024-11-20 17:42:49,550 - feishu_sync - ERROR - 查找群组 Yay-0xsun 失败: 'NoneType' object has no attribute 'find_element'
2024-11-20 17:42:49,550 - feishu_sync - ERROR - 未找到目标群: Yay-0xsun
2024-11-20 17:42:49,550 - feishu_sync - ERROR - 查找群组 Yay-0xsun 失败: 'NoneType' object has no attribute 'find_element'
2024-11-20 17:42:49,550 - feishu_sync - ERROR - 未找到目标群: Yay-0xsun
2024-11-20 17:42:49,550 - feishu_sync - ERROR - 查找群组 Yay-0xsun 失败: 'NoneType' object has no attribute 'find_element'
2024-11-20 17:42:49,550 - feishu_sync - ERROR - 未找到目标群: Yay-0xsun
2024-11-20 17:42:54,556 - feishu_sync - INFO - 开始监控消息
2024-11-20 17:45:11,554 - feishu_sync - INFO - 正在启动浏览器...
2024-11-20 17:45:14,762 - feishu_sync - INFO - 浏览器已启动，请扫码登录...
2024-11-20 17:45:41,539 - feishu_sync - INFO - 登录成功
2024-11-20 17:45:41,540 - feishu_sync - INFO - 登录成功，准备开始监控
2024-11-20 17:45:44,696 - feishu_sync - INFO - 消息已转发到群 [Yay-0xsun]: Leo、：这个也行...
2024-11-20 17:45:47,159 - feishu_sync - INFO - 消息已转发到群 [Yay-0xsun]: vv.mp4：Rif即将站稳150m...
2024-11-20 17:45:49,618 - feishu_sync - INFO - 消息已转发到群 [Yay-0xsun]: 八月：ABOT现在K线延迟了，感觉今天都没那么P了...
2024-11-20 17:45:52,077 - feishu_sync - INFO - 消息已转发到群 [Yay-0xsun]: 八月：P小将是不是没休息了？...
2024-11-20 17:45:54,524 - feishu_sync - INFO - 消息已转发到群 [Yay-0xsun]: 向云：北大起飞了...
2024-11-20 17:45:56,982 - feishu_sync - INFO - 消息已转发到群 [Yay-0xsun]: .：多少了...
2024-11-20 17:45:59,394 - feishu_sync - INFO - 消息已转发到群 [Yay-0xsun]: .：龙哥...
2024-11-20 17:46:01,838 - feishu_sync - INFO - 消息已转发到群 [Yay-0xsun]: .：清华北大不如胆子大...
2024-11-20 17:46:04,257 - feishu_sync - INFO - 消息已转发到群 [Yay-0xsun]: 向云：45...
2024-11-20 17:46:06,702 - feishu_sync - INFO - 消息已转发到群 [Yay-0xsun]: 恋：感谢0XSUN群 得吃了...
2024-11-20 17:46:09,150 - feishu_sync - INFO - 消息已转发到群 [Yay-0xsun]: peter鎂：感谢0XSUN群 得吃了...
2024-11-20 17:46:11,586 - feishu_sync - INFO - 消息已转发到群 [Yay-0xsun]: 魚叉叉：你们2个一起吃啊...
2024-11-20 17:46:14,081 - feishu_sync - INFO - 消息已转发到群 [Yay-0xsun]: Veyron：这么会吃...
2024-11-20 17:46:16,519 - feishu_sync - INFO - 消息已转发到群 [Yay-0xsun]: 陈kuokuo：Rif即将站稳150m...
2024-11-20 17:46:18,936 - feishu_sync - INFO - 消息已转发到群 [Yay-0xsun]: Panx：屯了好多[@emoji=\uD83D\uDE01]...
2024-11-20 17:46:21,328 - feishu_sync - INFO - 消息已转发到群 [Yay-0xsun]: 陈kuokuo：塔可夫...
2024-11-20 17:46:25,853 - feishu_sync - INFO - 消息已转发到群 [Yay-0xsun]: Leo、：这个也行...
2024-11-20 17:46:28,333 - feishu_sync - INFO - 消息已转发到群 [Yay-0xsun]: vv.mp4：Rif即将站稳150m...
2024-11-20 17:46:30,723 - feishu_sync - INFO - 消息已转发到群 [Yay-0xsun]: 八月：ABOT现在K线延迟了，感觉今天都没那么P了...
2024-11-20 17:46:33,164 - feishu_sync - INFO - 消息已转发到群 [Yay-0xsun]: 八月：P小将是不是没休息了？...
2024-11-20 17:46:35,579 - feishu_sync - INFO - 消息已转发到群 [Yay-0xsun]: 向云：北大起飞了...
2024-11-20 17:46:38,002 - feishu_sync - INFO - 消息已转发到群 [Yay-0xsun]: .：多少了...
2024-11-20 17:46:40,473 - feishu_sync - INFO - 消息已转发到群 [Yay-0xsun]: .：龙哥...
2024-11-20 17:46:42,899 - feishu_sync - INFO - 消息已转发到群 [Yay-0xsun]: .：清华北大不如胆子大...
2024-11-20 17:46:45,482 - feishu_sync - ERROR - 发送消息失败: Message: element click intercepted: Element <div class="zone-container editor-kit-container innerdocbody notranslate chrome chrome88" data-zone-id="0" data-zone-container="*" data-slate-editor="true" contenteditable="false" spellcheck="false">...</div> is not clickable at point (961, 694). Other element would receive the click: <div class="lark__editor--mask"></div>
  (Session info: chrome=131.0.6778.70)
Stacktrace:
0   chromedriver                        0x0000000100b6fac4 cxxbridge1$str$ptr + 3651580
1   chromedriver                        0x0000000100b68314 cxxbridge1$str$ptr + 3620940
2   chromedriver                        0x00000001005d04b4 cxxbridge1$string$len + 89224
3   chromedriver                        0x000000010061a12c cxxbridge1$string$len + 391424
4   chromedriver                        0x000000010061877c cxxbridge1$string$len + 384848
5   chromedriver                        0x00000001006166c0 cxxbridge1$string$len + 376468
6   chromedriver                        0x0000000100615af8 cxxbridge1$string$len + 373452
7   chromedriver                        0x000000010060afbc cxxbridge1$string$len + 329616
8   chromedriver                        0x000000010060aa10 cxxbridge1$string$len + 328164
9   chromedriver                        0x000000010064e0fc cxxbridge1$string$len + 604368
10  chromedriver                        0x00000001006090b0 cxxbridge1$string$len + 321668
11  chromedriver                        0x0000000100609d00 cxxbridge1$string$len + 324820
12  chromedriver                        0x0000000100b3ae08 cxxbridge1$str$ptr + 3435328
13  chromedriver                        0x0000000100b3e120 cxxbridge1$str$ptr + 3448408
14  chromedriver                        0x0000000100b2217c cxxbridge1$str$ptr + 3333812
15  chromedriver                        0x0000000100b3e9e0 cxxbridge1$str$ptr + 3450648
16  chromedriver                        0x0000000100b13988 cxxbridge1$str$ptr + 3274432
17  chromedriver                        0x0000000100b590f4 cxxbridge1$str$ptr + 3558956
18  chromedriver                        0x0000000100b59270 cxxbridge1$str$ptr + 3559336
19  chromedriver                        0x0000000100b67f88 cxxbridge1$str$ptr + 3620032
20  libsystem_pthread.dylib             0x000000019aa002e4 _pthread_start + 136
21  libsystem_pthread.dylib             0x000000019a9fb0fc thread_start + 8

2024-11-20 17:46:47,434 - feishu_sync - INFO - 消息已转发到群 [Yay-0xsun]: 恋：感谢0XSUN群 得吃了...
2024-11-20 17:46:49,856 - feishu_sync - INFO - 消息已转发到群 [Yay-0xsun]: peter鎂：感谢0XSUN群 得吃了...
2024-11-20 17:46:52,336 - feishu_sync - INFO - 消息已转发到群 [Yay-0xsun]: 魚叉叉：你们2个一起吃啊...
2024-11-20 17:46:54,779 - feishu_sync - INFO - 消息已转发到群 [Yay-0xsun]: Veyron：这么会吃...
2024-11-20 17:46:57,218 - feishu_sync - INFO - 消息已转发到群 [Yay-0xsun]: 陈kuokuo：Rif即将站稳150m...
2024-11-20 17:47:01,706 - feishu_sync - INFO - 消息已转发到群 [Yay-0xsun]: 向云：45...
2024-11-20 17:47:04,141 - feishu_sync - INFO - 消息已转发到群 [Yay-0xsun]: 恋：感谢0XSUN群 得吃了...
2024-11-20 17:47:06,552 - feishu_sync - INFO - 消息已转发到群 [Yay-0xsun]: peter鎂：感谢0XSUN群 得吃了...
2024-11-20 17:47:09,034 - feishu_sync - INFO - 消息已转发到群 [Yay-0xsun]: 魚叉叉：你们2个一起吃啊...
2024-11-20 17:47:11,463 - feishu_sync - INFO - 消息已转发到群 [Yay-0xsun]: Veyron：这么会吃...
2024-11-20 17:47:13,903 - feishu_sync - INFO - 消息已转发到群 [Yay-0xsun]: 陈kuokuo：Rif即将站稳150m...
2024-11-20 17:47:16,330 - feishu_sync - INFO - 消息已转发到群 [Yay-0xsun]: Panx：屯了好多[@emoji=\uD83D\uDE01]...
2024-11-20 17:47:18,741 - feishu_sync - INFO - 消息已转发到群 [Yay-0xsun]: 陈kuokuo：塔可夫...
2024-11-20 17:47:21,127 - feishu_sync - INFO - 消息已转发到群 [Yay-0xsun]: 魚叉叉：Rif即将站稳150m...
2024-11-20 17:47:23,563 - feishu_sync - INFO - 消息已转发到群 [Yay-0xsun]: 魚叉叉：救r*F...
2024-11-20 17:47:26,026 - feishu_sync - INFO - 消息已转发到群 [Yay-0xsun]: 八月：[回复][恋]:
图片
回复:这乌鸡滋补吗？...
2024-11-20 17:47:30,588 - feishu_sync - INFO - 消息已转发到群 [Yay-0xsun]: 魚叉叉：你们2个一起吃啊...
2024-11-20 17:47:33,019 - feishu_sync - INFO - 消息已转发到群 [Yay-0xsun]: Veyron：这么会吃...
2024-11-20 17:47:35,487 - feishu_sync - INFO - 消息已转发到群 [Yay-0xsun]: 陈kuokuo：Rif即将站稳150m...
2024-11-20 17:47:37,957 - feishu_sync - INFO - 消息已转发到群 [Yay-0xsun]: Panx：屯了好多[@emoji=\uD83D\uDE01]...
2024-11-20 17:47:40,352 - feishu_sync - INFO - 消息已转发到群 [Yay-0xsun]: 陈kuokuo：塔可夫...
2024-11-20 17:47:42,737 - feishu_sync - INFO - 消息已转发到群 [Yay-0xsun]: 魚叉叉：Rif即将站稳150m...
2024-11-20 17:47:45,102 - feishu_sync - INFO - 消息已转发到群 [Yay-0xsun]: 魚叉叉：救r*F...
2024-11-20 17:47:47,545 - feishu_sync - INFO - 消息已转发到群 [Yay-0xsun]: 八月：[回复][恋]:
图片
回复:这乌鸡滋补吗？...
2024-11-20 17:47:52,065 - feishu_sync - INFO - 消息已转发到群 [Yay-0xsun]: Veyron：这么会吃...
2024-11-20 17:47:54,483 - feishu_sync - INFO - 消息已转发到群 [Yay-0xsun]: 陈kuokuo：Rif即将站稳150m...
2024-11-20 17:47:56,905 - feishu_sync - INFO - 消息已转发到群 [Yay-0xsun]: Panx：屯了好多[@emoji=\uD83D\uDE01]...
2024-11-20 17:47:59,301 - feishu_sync - INFO - 消息已转发到群 [Yay-0xsun]: 陈kuokuo：塔可夫...
2024-11-20 17:48:01,733 - feishu_sync - INFO - 消息已转发到群 [Yay-0xsun]: 魚叉叉：Rif即将站稳150m...
2024-11-20 17:48:04,222 - feishu_sync - INFO - 消息已转发到群 [Yay-0xsun]: 魚叉叉：救r*F...
2024-11-20 17:48:04,234 - feishu_sync - INFO - 监控已停止
2024-11-20 17:48:04,235 - feishu_sync - INFO - 停止监控
2024-11-20 17:48:04,727 - feishu_sync - ERROR - 查找群组 Yay-0xsun 失败: 'NoneType' object has no attribute 'find_element'
2024-11-20 17:48:04,728 - feishu_sync - ERROR - 未找到目标群: Yay-0xsun
2024-11-20 17:48:04,729 - feishu_sync - ERROR - 查找群组 Yay-0xsun 失败: 'NoneType' object has no attribute 'find_element'
2024-11-20 17:48:04,729 - feishu_sync - ERROR - 未找到目标群: Yay-0xsun
2024-11-20 17:48:04,729 - feishu_sync - ERROR - 查找群组 Yay-0xsun 失败: 'NoneType' object has no attribute 'find_element'
2024-11-20 17:48:04,729 - feishu_sync - ERROR - 未找到目标群: Yay-0xsun
2024-11-20 17:48:04,729 - feishu_sync - ERROR - 查找群组 Yay-0xsun 失败: 'NoneType' object has no attribute 'find_element'
2024-11-20 17:48:04,729 - feishu_sync - ERROR - 未找到目标群: Yay-0xsun
2024-11-20 17:48:05,733 - feishu_sync - ERROR - 查找群组 0xsun全员交流群 失败: 'NoneType' object has no attribute 'find_element'
2024-11-20 17:48:05,734 - feishu_sync - ERROR - 未找到群组: 0xsun全员交流群
2024-11-20 17:48:06,740 - feishu_sync - ERROR - 查找群组 0xsun全员交流群 失败: 'NoneType' object has no attribute 'find_element'
2024-11-20 17:48:06,741 - feishu_sync - ERROR - 未找到群组: 0xsun全员交流群
2024-11-20 17:48:07,747 - feishu_sync - ERROR - 查找群组 0xsun全员交流群 失败: 'NoneType' object has no attribute 'find_element'
2024-11-20 17:48:07,749 - feishu_sync - ERROR - 未找到群组: 0xsun全员交流群
2024-11-20 17:48:08,754 - feishu_sync - ERROR - 查找群组 0xsun全员交流群 失败: 'NoneType' object has no attribute 'find_element'
2024-11-20 17:48:08,754 - feishu_sync - ERROR - 未找到群组: 0xsun全员交流群
2024-11-20 17:48:09,758 - feishu_sync - ERROR - 查找群组 0xsun全员交流群 失败: 'NoneType' object has no attribute 'find_element'
2024-11-20 17:48:09,758 - feishu_sync - ERROR - 未找到群组: 0xsun全员交流群
2024-11-20 17:48:10,761 - feishu_sync - ERROR - 查找群组 0xsun全员交流群 失败: 'NoneType' object has no attribute 'find_element'
2024-11-20 17:48:10,762 - feishu_sync - ERROR - 未找到群组: 0xsun全员交流群
2024-11-20 17:48:11,769 - feishu_sync - ERROR - 查找群组 0xsun全员交流群 失败: 'NoneType' object has no attribute 'find_element'
2024-11-20 17:48:11,770 - feishu_sync - ERROR - 未找到群组: 0xsun全员交流群
2024-11-20 17:48:12,780 - feishu_sync - ERROR - 查找群组 0xsun全员交流群 失败: 'NoneType' object has no attribute 'find_element'
2024-11-20 17:48:12,781 - feishu_sync - ERROR - 未找到群组: 0xsun全员交流群
2024-11-20 17:48:13,784 - feishu_sync - ERROR - 查找群组 0xsun全员交流群 失败: 'NoneType' object has no attribute 'find_element'
2024-11-20 17:48:13,786 - feishu_sync - ERROR - 未找到群组: 0xsun全员交流群
2024-11-20 17:48:14,790 - feishu_sync - ERROR - 查找群组 0xsun全员交流群 失败: 'NoneType' object has no attribute 'find_element'
2024-11-20 17:48:14,792 - feishu_sync - ERROR - 未找到群组: 0xsun全员交流群
2024-11-20 17:48:15,797 - feishu_sync - ERROR - 查找群组 0xsun全员交流群 失败: 'NoneType' object has no attribute 'find_element'
2024-11-20 17:48:15,798 - feishu_sync - ERROR - 未找到群组: 0xsun全员交流群
2024-11-20 17:48:16,804 - feishu_sync - ERROR - 查找群组 0xsun全员交流群 失败: 'NoneType' object has no attribute 'find_element'
2024-11-20 17:48:16,804 - feishu_sync - ERROR - 未找到群组: 0xsun全员交流群
2024-11-20 17:48:17,810 - feishu_sync - ERROR - 查找群组 0xsun全员交流群 失败: 'NoneType' object has no attribute 'find_element'
2024-11-20 17:48:17,811 - feishu_sync - ERROR - 未找到群组: 0xsun全员交流群
2024-11-20 17:48:18,817 - feishu_sync - ERROR - 查找群组 0xsun全员交流群 失败: 'NoneType' object has no attribute 'find_element'
2024-11-20 17:48:18,818 - feishu_sync - ERROR - 未找到群组: 0xsun全员交流群
2024-11-20 17:48:19,825 - feishu_sync - ERROR - 查找群组 0xsun全员交流群 失败: 'NoneType' object has no attribute 'find_element'
2024-11-20 17:48:19,825 - feishu_sync - ERROR - 未找到群组: 0xsun全员交流群
